#
# There is insufficient memory for the Java Runtime Environment to continue.
# Native memory allocation (malloc) failed to allocate 1089456 bytes for Chunk::new
# Possible reasons:
#   The system is out of physical RAM or swap space
#   The process is running with CompressedOops enabled, and the Java Heap may be blocking the growth of the native heap
# Possible solutions:
#   Reduce memory load on the system
#   Increase physical memory or swap space
#   Check if swap backing store is full
#   Decrease Java heap size (-Xmx/-Xms)
#   Decrease number of Java threads
#   Decrease Java thread stack sizes (-Xss)
#   Set larger code cache with -XX:ReservedCodeCacheSize=
#   JVM is running with Unscaled Compressed Oops mode in which the Java heap is
#     placed in the first 4GB address space. The Java Heap base address is the
#     maximum limit for the native heap growth. Please use -XX:HeapBaseMinAddress
#     to set the Java Heap base and to place the Java Heap above 4GB virtual address.
# This output file may be truncated or incomplete.
#
#  Out of Memory Error (./src/hotspot/share/memory/arena.cpp:197), pid=21336, tid=3776
#
# JRE version: OpenJDK Runtime Environment (11.0.10) (build 11.0.10+0-b96-7249189)
# Java VM: OpenJDK 64-Bit Server VM (11.0.10+0-b96-7249189, mixed mode, tiered, compressed oops, g1 gc, windows-amd64)
# No core dump will be written. Minidumps are not enabled by default on client versions of Windows
#

---------------  S U M M A R Y ------------

Command Line: --add-opens=java.base/java.util=ALL-UNNAMED --add-opens=java.base/java.lang=ALL-UNNAMED --add-opens=java.base/java.lang.invoke=ALL-UNNAMED --add-opens=java.base/java.util=ALL-UNNAMED --add-opens=java.prefs/java.util.prefs=ALL-UNNAMED --add-opens=java.prefs/java.util.prefs=ALL-UNNAMED --add-opens=java.base/java.nio.charset=ALL-UNNAMED --add-opens=java.base/java.net=ALL-UNNAMED --add-opens=java.base/java.util.concurrent.atomic=ALL-UNNAMED -Xmx2048m -Dfile.encoding=UTF-8 -Duser.country=CN -Duser.language=zh -Duser.variant org.gradle.launcher.daemon.bootstrap.GradleDaemon 7.0.2

Host: Intel(R) Core(TM) i5-1035G1 CPU @ 1.00GHz, 8 cores, 3G,  Windows 10 , 64 bit Build 19041 (10.0.19041.1202)
Time: Sun Nov  7 16:15:38 2021 中国标准时间 elapsed time: 31.354701 seconds (0d 0h 0m 31s)

---------------  T H R E A D  ---------------

Current thread (0x000001ffac36d800):  JavaThread "C2 CompilerThread0" daemon [_thread_in_native, id=3776, stack(0x000000a7b8100000,0x000000a7b8200000)]


Current CompileTask:
C2:  31354 8391   !   4       com.google.common.collect.MapMakerInternalMap$Segment::put (298 bytes)

Stack: [0x000000a7b8100000,0x000000a7b8200000]
Native frames: (J=compiled Java code, j=interpreted, Vv=VM code, C=native code)
V  [jvm.dll+0x5ecfaa]
V  [jvm.dll+0x722bd5]
V  [jvm.dll+0x72412d]
V  [jvm.dll+0x7247e3]
V  [jvm.dll+0x242928]
V  [jvm.dll+0xbc4fc]
V  [jvm.dll+0xbca0c]
V  [jvm.dll+0x352d3b]
V  [jvm.dll+0x320ad3]
V  [jvm.dll+0x31ffca]
V  [jvm.dll+0x1fb602]
V  [jvm.dll+0x1fa7f4]
V  [jvm.dll+0x18354c]
V  [jvm.dll+0x208ee7]
V  [jvm.dll+0x207731]
V  [jvm.dll+0x6eb1cf]
V  [jvm.dll+0x6e3d45]
V  [jvm.dll+0x5ebe96]
C  [ucrtbase.dll+0x21bb2]
C  [KERNEL32.DLL+0x17034]
C  [ntdll.dll+0x52651]


---------------  P R O C E S S  ---------------

Threads class SMR info:
_java_thread_list=0x000001ffb12f0140, length=59, elements={
0x000001ff9172a800, 0x000001ffac32c000, 0x000001ffac336000, 0x000001ffac35c800,
0x000001ffac360800, 0x000001ffac363000, 0x000001ffac36d800, 0x000001ffac371800,
0x000001ffac383800, 0x000001ffacd9e800, 0x000001ffaec1c800, 0x000001ffae0c3800,
0x000001ffadfea000, 0x000001ffaf3f6000, 0x000001ffaf3f7000, 0x000001ffaef51800,
0x000001ffaef55800, 0x000001ffae05d000, 0x000001ffad1e2000, 0x000001ffad1df800,
0x000001ffad1e0000, 0x000001ffad1e3800, 0x000001ffad1e2800, 0x000001ffad1dd800,
0x000001ffad1e4000, 0x000001ffad1e1000, 0x000001ffad1de800, 0x000001ffb0e6c800,
0x000001ffb0e6d800, 0x000001ffb0e6e000, 0x000001ffb0e6f000, 0x000001ffb0e69800,
0x000001ffb0e70800, 0x000001ffb0e71800, 0x000001ffb0e6b800, 0x000001ffb0e76800,
0x000001ffb0e74000, 0x000001ffb0e74800, 0x000001ffb0e77000, 0x000001ffb0e75800,
0x000001ffb0e78000, 0x000001ffb0e72000, 0x000001ffb0e73000, 0x000001ffadbc0000,
0x000001ffadbbb000, 0x000001ffadbbd800, 0x000001ffadbc1000, 0x000001ffadbbc000,
0x000001ffadbbc800, 0x000001ffadbc4000, 0x000001ffadbc5000, 0x000001ffadbc1800,
0x000001ffadbc2800, 0x000001ffadbc3000, 0x000001ffadbbf000, 0x000001ffadbc6800,
0x000001ffadbc5800, 0x000001ffadbc9800, 0x000001ffadbc8000
}

Java Threads: ( => current thread )
  0x000001ff9172a800 JavaThread "main" [_thread_blocked, id=12356, stack(0x000000a7b7500000,0x000000a7b7600000)]
  0x000001ffac32c000 JavaThread "Reference Handler" daemon [_thread_blocked, id=22052, stack(0x000000a7b7c00000,0x000000a7b7d00000)]
  0x000001ffac336000 JavaThread "Finalizer" daemon [_thread_blocked, id=23356, stack(0x000000a7b7d00000,0x000000a7b7e00000)]
  0x000001ffac35c800 JavaThread "Signal Dispatcher" daemon [_thread_blocked, id=18160, stack(0x000000a7b7e00000,0x000000a7b7f00000)]
  0x000001ffac360800 JavaThread "Attach Listener" daemon [_thread_blocked, id=21728, stack(0x000000a7b7f00000,0x000000a7b8000000)]
  0x000001ffac363000 JavaThread "Service Thread" daemon [_thread_blocked, id=20432, stack(0x000000a7b8000000,0x000000a7b8100000)]
=>0x000001ffac36d800 JavaThread "C2 CompilerThread0" daemon [_thread_in_native, id=3776, stack(0x000000a7b8100000,0x000000a7b8200000)]
  0x000001ffac371800 JavaThread "C1 CompilerThread0" daemon [_thread_in_vm, id=21464, stack(0x000000a7b8200000,0x000000a7b8300000)]
  0x000001ffac383800 JavaThread "Sweeper thread" daemon [_thread_blocked, id=21612, stack(0x000000a7b8300000,0x000000a7b8400000)]
  0x000001ffacd9e800 JavaThread "Common-Cleaner" daemon [_thread_blocked, id=23972, stack(0x000000a7b8400000,0x000000a7b8500000)]
  0x000001ffaec1c800 JavaThread "Daemon health stats" [_thread_blocked, id=17640, stack(0x000000a7b8700000,0x000000a7b8800000)]
  0x000001ffae0c3800 JavaThread "Incoming local TCP Connector on port 51475" [_thread_in_native, id=23560, stack(0x000000a7b8800000,0x000000a7b8900000)]
  0x000001ffadfea000 JavaThread "Daemon periodic checks" [_thread_blocked, id=6108, stack(0x000000a7b8900000,0x000000a7b8a00000)]
  0x000001ffaf3f6000 JavaThread "Daemon" [_thread_blocked, id=23736, stack(0x000000a7b8a00000,0x000000a7b8b00000)]
  0x000001ffaf3f7000 JavaThread "Handler for socket connection from /127.0.0.1:51475 to /127.0.0.1:51477" [_thread_in_native, id=8176, stack(0x000000a7b8b00000,0x000000a7b8c00000)]
  0x000001ffaef51800 JavaThread "Cancel handler" [_thread_blocked, id=18388, stack(0x000000a7b8c00000,0x000000a7b8d00000)]
  0x000001ffaef55800 JavaThread "Daemon worker" [_thread_blocked, id=22560, stack(0x000000a7b8d00000,0x000000a7b8e00000)]
  0x000001ffae05d000 JavaThread "Asynchronous log dispatcher for DefaultDaemonConnection: socket connection from /127.0.0.1:51475 to /127.0.0.1:51477" [_thread_blocked, id=18468, stack(0x000000a7b8e00000,0x000000a7b8f00000)]
  0x000001ffad1e2000 JavaThread "Stdin handler" [_thread_blocked, id=21040, stack(0x000000a7b8f00000,0x000000a7b9000000)]
  0x000001ffad1df800 JavaThread "Daemon client event forwarder" [_thread_blocked, id=13364, stack(0x000000a7b9000000,0x000000a7b9100000)]
  0x000001ffad1e0000 JavaThread "Cache worker for file hash cache (C:\Users\dell\.gradle\caches\7.0.2\fileHashes)" [_thread_blocked, id=15516, stack(0x000000a7b9700000,0x000000a7b9800000)]
  0x000001ffad1e3800 JavaThread "File lock request listener" [_thread_in_native, id=22132, stack(0x000000a7b9800000,0x000000a7b9900000)]
  0x000001ffad1e2800 JavaThread "Cache worker for journal cache (C:\Users\dell\.gradle\caches\journal-1)" [_thread_blocked, id=4532, stack(0x000000a7b9a00000,0x000000a7b9b00000)]
  0x000001ffad1dd800 JavaThread "Cache worker for file hash cache (E:\ANDstudio\code\.gradle\7.0.2\fileHashes)" [_thread_blocked, id=22780, stack(0x000000a7b9b00000,0x000000a7b9c00000)]
  0x000001ffad1e4000 JavaThread "File watcher server" daemon [_thread_in_native, id=22092, stack(0x000000a7b9c00000,0x000000a7b9d00000)]
  0x000001ffad1e1000 JavaThread "File watcher consumer" daemon [_thread_blocked, id=3616, stack(0x000000a7b9d00000,0x000000a7b9e00000)]
  0x000001ffad1de800 JavaThread "Cache worker for checksums cache (E:\ANDstudio\code\.gradle\checksums)" [_thread_blocked, id=19572, stack(0x000000a7b9e00000,0x000000a7b9f00000)]
  0x000001ffb0e6c800 JavaThread "Cache worker for cache directory md-supplier (C:\Users\dell\.gradle\caches\7.0.2\md-supplier)" [_thread_blocked, id=23640, stack(0x000000a7b9f00000,0x000000a7ba000000)]
  0x000001ffb0e6d800 JavaThread "Cache worker for cache directory md-rule (C:\Users\dell\.gradle\caches\7.0.2\md-rule)" [_thread_blocked, id=4112, stack(0x000000a7ba000000,0x000000a7ba100000)]
  0x000001ffb0e6e000 JavaThread "Cache worker for execution history cache (C:\Users\dell\.gradle\caches\7.0.2\executionHistory)" [_thread_blocked, id=13972, stack(0x000000a7ba100000,0x000000a7ba200000)]
  0x000001ffb0e6f000 JavaThread "jar transforms" [_thread_blocked, id=21668, stack(0x000000a7ba200000,0x000000a7ba300000)]
  0x000001ffb0e69800 JavaThread "jar transforms Thread 2" [_thread_blocked, id=20312, stack(0x000000a7ba300000,0x000000a7ba400000)]
  0x000001ffb0e70800 JavaThread "Cache worker for file content cache (C:\Users\dell\.gradle\caches\7.0.2\fileContent)" [_thread_blocked, id=22156, stack(0x000000a7ba400000,0x000000a7ba500000)]
  0x000001ffb0e71800 JavaThread "Cache worker for dependencies-accessors (E:\ANDstudio\code\.gradle\7.0.2\dependencies-accessors)" [_thread_blocked, id=4708, stack(0x000000a7ba500000,0x000000a7ba600000)]
  0x000001ffb0e6b800 JavaThread "jar transforms Thread 3" [_thread_blocked, id=16552, stack(0x000000a7ba600000,0x000000a7ba700000)]
  0x000001ffb0e76800 JavaThread "Cache worker for Build Output Cleanup Cache (E:\ANDstudio\code\.gradle\buildOutputCleanup)" [_thread_blocked, id=14612, stack(0x000000a7ba700000,0x000000a7ba800000)]
  0x000001ffb0e74000 JavaThread "Build operations" [_thread_blocked, id=13240, stack(0x000000a7ba900000,0x000000a7baa00000)]
  0x000001ffb0e74800 JavaThread "Build operations Thread 2" [_thread_blocked, id=23868, stack(0x000000a7baa00000,0x000000a7bab00000)]
  0x000001ffb0e77000 JavaThread "Build operations Thread 3" [_thread_blocked, id=23200, stack(0x000000a7bab00000,0x000000a7bac00000)]
  0x000001ffb0e75800 JavaThread "Build operations Thread 4" [_thread_in_native, id=17520, stack(0x000000a7bac00000,0x000000a7bad00000)]
  0x000001ffb0e78000 JavaThread "Build operations Thread 5" [_thread_blocked, id=3504, stack(0x000000a7bad00000,0x000000a7bae00000)]
  0x000001ffb0e72000 JavaThread "Build operations Thread 6" [_thread_blocked, id=10424, stack(0x000000a7bae00000,0x000000a7baf00000)]
  0x000001ffb0e73000 JavaThread "Build operations Thread 7" [_thread_blocked, id=16236, stack(0x000000a7baf00000,0x000000a7bb000000)]
  0x000001ffadbc0000 JavaThread "Build operations Thread 8" [_thread_blocked, id=21528, stack(0x000000a7bb000000,0x000000a7bb100000)]
  0x000001ffadbbb000 JavaThread "jar transforms Thread 4" [_thread_blocked, id=3032, stack(0x000000a7bb100000,0x000000a7bb200000)]
  0x000001ffadbbd800 JavaThread "jar transforms Thread 5" [_thread_blocked, id=23352, stack(0x000000a7bb200000,0x000000a7bb300000)]
  0x000001ffadbc1000 JavaThread "jar transforms Thread 6" [_thread_blocked, id=15224, stack(0x000000a7bb300000,0x000000a7bb400000)]
  0x000001ffadbbc000 JavaThread "jar transforms Thread 7" [_thread_blocked, id=23000, stack(0x000000a7bb400000,0x000000a7bb500000)]
  0x000001ffadbbc800 JavaThread "jar transforms Thread 8" [_thread_blocked, id=7284, stack(0x000000a7bb500000,0x000000a7bb600000)]
  0x000001ffadbc4000 JavaThread "Memory manager" [_thread_blocked, id=1424, stack(0x000000a7ba800000,0x000000a7ba900000)]
  0x000001ffadbc5000 JavaThread "build event listener" [_thread_blocked, id=1660, stack(0x000000a7bb600000,0x000000a7bb700000)]
  0x000001ffadbc1800 JavaThread "Execution worker for ':'" [_thread_blocked, id=23216, stack(0x000000a7bb700000,0x000000a7bb800000)]
  0x000001ffadbc2800 JavaThread "Execution worker for ':' Thread 2" [_thread_blocked, id=22404, stack(0x000000a7bb800000,0x000000a7bb900000)]
  0x000001ffadbc3000 JavaThread "Execution worker for ':' Thread 3" [_thread_blocked, id=812, stack(0x000000a7bb900000,0x000000a7bba00000)]
  0x000001ffadbbf000 JavaThread "Execution worker for ':' Thread 4" [_thread_blocked, id=13236, stack(0x000000a7bba00000,0x000000a7bbb00000)]
  0x000001ffadbc6800 JavaThread "Execution worker for ':' Thread 5" [_thread_blocked, id=23540, stack(0x000000a7bbb00000,0x000000a7bbc00000)]
  0x000001ffadbc5800 JavaThread "Execution worker for ':' Thread 6" [_thread_blocked, id=1592, stack(0x000000a7bbc00000,0x000000a7bbd00000)]
  0x000001ffadbc9800 JavaThread "Execution worker for ':' Thread 7" [_thread_blocked, id=17336, stack(0x000000a7bbd00000,0x000000a7bbe00000)]
  0x000001ffadbc8000 JavaThread "Cache worker for execution history cache (E:\ANDstudio\code\.gradle\7.0.2\executionHistory)" [_thread_blocked, id=16336, stack(0x000000a7bbe00000,0x000000a7bbf00000)]

Other Threads:
  0x000001ffac32a000 VMThread "VM Thread" [stack: 0x000000a7b7b00000,0x000000a7b7c00000] [id=20120]
  0x000001ffacdb4800 WatcherThread [stack: 0x000000a7b8500000,0x000000a7b8600000] [id=11604]
  0x000001ff91742000 GCTaskThread "GC Thread#0" [stack: 0x000000a7b7600000,0x000000a7b7700000] [id=15704]
  0x000001ffad831000 GCTaskThread "GC Thread#1" [stack: 0x000000a7b8600000,0x000000a7b8700000] [id=21848]
  0x000001ffae7d9800 GCTaskThread "GC Thread#2" [stack: 0x000000a7b9100000,0x000000a7b9200000] [id=492]
  0x000001ffaee4b800 GCTaskThread "GC Thread#3" [stack: 0x000000a7b9200000,0x000000a7b9300000] [id=12756]
  0x000001ffacf10000 GCTaskThread "GC Thread#4" [stack: 0x000000a7b9300000,0x000000a7b9400000] [id=2284]
  0x000001ffaf3ec800 GCTaskThread "GC Thread#5" [stack: 0x000000a7b9400000,0x000000a7b9500000] [id=19780]
  0x000001ffaee0b800 GCTaskThread "GC Thread#6" [stack: 0x000000a7b9500000,0x000000a7b9600000] [id=11848]
  0x000001ffae299800 GCTaskThread "GC Thread#7" [stack: 0x000000a7b9600000,0x000000a7b9700000] [id=9524]
  0x000001ff91775000 ConcurrentGCThread "G1 Main Marker" [stack: 0x000000a7b7700000,0x000000a7b7800000] [id=11744]
  0x000001ff91776800 ConcurrentGCThread "G1 Conc#0" [stack: 0x000000a7b7800000,0x000000a7b7900000] [id=12740]
  0x000001ffacf54000 ConcurrentGCThread "G1 Conc#1" [stack: 0x000000a7b9900000,0x000000a7b9a00000] [id=22980]
  0x000001ff917e3000 ConcurrentGCThread "G1 Refine#0" [stack: 0x000000a7b7900000,0x000000a7b7a00000] [id=16072]
  0x000001ff917e4800 ConcurrentGCThread "G1 Young RemSet Sampling" [stack: 0x000000a7b7a00000,0x000000a7b7b00000] [id=23448]

Threads with active compile tasks:
C2 CompilerThread0  31453 8391   !   4       com.google.common.collect.MapMakerInternalMap$Segment::put (298 bytes)

VM state:not at safepoint (normal execution)

VM Mutex/Monitor currently owned by a thread: None

Heap address: 0x0000000080000000, size: 2048 MB, Compressed Oops mode: 32-bit
Narrow klass base: 0x0000000000000000, Narrow klass shift: 3
Compressed class space size: 1073741824 Address: 0x0000000100000000

Heap:
 garbage-first heap   total 134144K, used 79014K [0x0000000080000000, 0x0000000100000000)
  region size 1024K, 22 young (22528K), 4 survivors (4096K)
 Metaspace       used 78766K, capacity 80857K, committed 81024K, reserved 1120256K
  class space    used 10323K, capacity 11129K, committed 11136K, reserved 1048576K
Heap Regions: E=young(eden), S=young(survivor), O=old, HS=humongous(starts), HC=humongous(continues), CS=collection set, F=free, A=archive, TAMS=top-at-mark-start (previous, next)
|   0|0x0000000080000000, 0x0000000080100000, 0x0000000080100000|100%| O|  |TAMS 0x0000000080100000, 0x0000000080000000| Untracked 
|   1|0x0000000080100000, 0x0000000080200000, 0x0000000080200000|100%| O|  |TAMS 0x0000000080200000, 0x0000000080100000| Untracked 
|   2|0x0000000080200000, 0x0000000080300000, 0x0000000080300000|100%| O|  |TAMS 0x0000000080300000, 0x0000000080200000| Untracked 
|   3|0x0000000080300000, 0x0000000080400000, 0x0000000080400000|100%|HS|  |TAMS 0x0000000080400000, 0x0000000080300000| Complete 
|   4|0x0000000080400000, 0x0000000080500000, 0x0000000080500000|100%|HC|  |TAMS 0x0000000080500000, 0x0000000080400000| Complete 
|   5|0x0000000080500000, 0x0000000080600000, 0x0000000080600000|100%|HC|  |TAMS 0x0000000080600000, 0x0000000080500000| Complete 
|   6|0x0000000080600000, 0x0000000080700000, 0x0000000080700000|100%| O|  |TAMS 0x0000000080700000, 0x0000000080600000| Untracked 
|   7|0x0000000080700000, 0x0000000080800000, 0x0000000080800000|100%| O|  |TAMS 0x0000000080800000, 0x0000000080700000| Untracked 
|   8|0x0000000080800000, 0x0000000080900000, 0x0000000080900000|100%| O|  |TAMS 0x0000000080900000, 0x0000000080800000| Untracked 
|   9|0x0000000080900000, 0x0000000080a00000, 0x0000000080a00000|100%| O|  |TAMS 0x0000000080a00000, 0x0000000080900000| Untracked 
|  10|0x0000000080a00000, 0x0000000080b00000, 0x0000000080b00000|100%| O|  |TAMS 0x0000000080b00000, 0x0000000080a00000| Untracked 
|  11|0x0000000080b00000, 0x0000000080c00000, 0x0000000080c00000|100%| O|  |TAMS 0x0000000080c00000, 0x0000000080b00000| Untracked 
|  12|0x0000000080c00000, 0x0000000080d00000, 0x0000000080d00000|100%| O|  |TAMS 0x0000000080d00000, 0x0000000080c00000| Untracked 
|  13|0x0000000080d00000, 0x0000000080e00000, 0x0000000080e00000|100%| O|  |TAMS 0x0000000080e00000, 0x0000000080d00000| Untracked 
|  14|0x0000000080e00000, 0x0000000080f00000, 0x0000000080f00000|100%| O|  |TAMS 0x0000000080f00000, 0x0000000080e00000| Untracked 
|  15|0x0000000080f00000, 0x0000000081000000, 0x0000000081000000|100%| O|  |TAMS 0x0000000081000000, 0x0000000080f00000| Untracked 
|  16|0x0000000081000000, 0x0000000081100000, 0x0000000081100000|100%| O|  |TAMS 0x0000000081100000, 0x0000000081000000| Untracked 
|  17|0x0000000081100000, 0x0000000081200000, 0x0000000081200000|100%| O|  |TAMS 0x0000000081200000, 0x0000000081100000| Untracked 
|  18|0x0000000081200000, 0x0000000081300000, 0x0000000081300000|100%| O|  |TAMS 0x0000000081300000, 0x0000000081200000| Untracked 
|  19|0x0000000081300000, 0x0000000081400000, 0x0000000081400000|100%| O|  |TAMS 0x0000000081400000, 0x0000000081300000| Untracked 
|  20|0x0000000081400000, 0x0000000081500000, 0x0000000081500000|100%| O|  |TAMS 0x0000000081500000, 0x0000000081400000| Untracked 
|  21|0x0000000081500000, 0x0000000081600000, 0x0000000081600000|100%| O|  |TAMS 0x0000000081600000, 0x0000000081500000| Untracked 
|  22|0x0000000081600000, 0x0000000081700000, 0x0000000081700000|100%| O|  |TAMS 0x0000000081700000, 0x0000000081600000| Untracked 
|  23|0x0000000081700000, 0x0000000081800000, 0x0000000081800000|100%| O|  |TAMS 0x0000000081800000, 0x0000000081700000| Untracked 
|  24|0x0000000081800000, 0x0000000081900000, 0x0000000081900000|100%| O|  |TAMS 0x0000000081900000, 0x0000000081800000| Untracked 
|  25|0x0000000081900000, 0x0000000081a00000, 0x0000000081a00000|100%| O|  |TAMS 0x0000000081a00000, 0x0000000081900000| Untracked 
|  26|0x0000000081a00000, 0x0000000081b00000, 0x0000000081b00000|100%| O|  |TAMS 0x0000000081b00000, 0x0000000081a00000| Untracked 
|  27|0x0000000081b00000, 0x0000000081c00000, 0x0000000081c00000|100%| O|  |TAMS 0x0000000081c00000, 0x0000000081b00000| Untracked 
|  28|0x0000000081c00000, 0x0000000081d00000, 0x0000000081d00000|100%| O|  |TAMS 0x0000000081d00000, 0x0000000081c00000| Untracked 
|  29|0x0000000081d00000, 0x0000000081e00000, 0x0000000081e00000|100%|HS|  |TAMS 0x0000000081e00000, 0x0000000081d00000| Complete 
|  30|0x0000000081e00000, 0x0000000081f00000, 0x0000000081f00000|100%|HS|  |TAMS 0x0000000081f00000, 0x0000000081e00000| Complete 
|  31|0x0000000081f00000, 0x0000000082000000, 0x0000000082000000|100%| O|  |TAMS 0x0000000082000000, 0x0000000081f00000| Untracked 
|  32|0x0000000082000000, 0x0000000082100000, 0x0000000082100000|100%| O|  |TAMS 0x0000000082100000, 0x0000000082000000| Untracked 
|  33|0x0000000082100000, 0x0000000082200000, 0x0000000082200000|100%| O|  |TAMS 0x0000000082200000, 0x0000000082100000| Untracked 
|  34|0x0000000082200000, 0x0000000082300000, 0x0000000082300000|100%|HS|  |TAMS 0x0000000082300000, 0x0000000082200000| Complete 
|  35|0x0000000082300000, 0x0000000082400000, 0x0000000082400000|100%|HC|  |TAMS 0x0000000082400000, 0x0000000082300000| Complete 
|  36|0x0000000082400000, 0x0000000082500000, 0x0000000082500000|100%| O|  |TAMS 0x0000000082500000, 0x0000000082400000| Untracked 
|  37|0x0000000082500000, 0x0000000082600000, 0x0000000082600000|100%| O|  |TAMS 0x0000000082600000, 0x0000000082500000| Untracked 
|  38|0x0000000082600000, 0x0000000082700000, 0x0000000082700000|100%| O|  |TAMS 0x0000000082700000, 0x0000000082600000| Untracked 
|  39|0x0000000082700000, 0x0000000082800000, 0x0000000082800000|100%| O|  |TAMS 0x0000000082800000, 0x0000000082700000| Untracked 
|  40|0x0000000082800000, 0x0000000082900000, 0x0000000082900000|100%| O|  |TAMS 0x0000000082900000, 0x0000000082800000| Untracked 
|  41|0x0000000082900000, 0x0000000082a00000, 0x0000000082a00000|100%| O|  |TAMS 0x0000000082a00000, 0x0000000082900000| Untracked 
|  42|0x0000000082a00000, 0x0000000082b00000, 0x0000000082b00000|100%| O|  |TAMS 0x0000000082b00000, 0x0000000082a00000| Untracked 
|  43|0x0000000082b00000, 0x0000000082c00000, 0x0000000082c00000|100%| O|  |TAMS 0x0000000082c00000, 0x0000000082b00000| Untracked 
|  44|0x0000000082c00000, 0x0000000082d00000, 0x0000000082d00000|100%| O|  |TAMS 0x0000000082d00000, 0x0000000082c00000| Untracked 
|  45|0x0000000082d00000, 0x0000000082e00000, 0x0000000082e00000|100%| O|  |TAMS 0x0000000082e00000, 0x0000000082d00000| Untracked 
|  46|0x0000000082e00000, 0x0000000082f00000, 0x0000000082f00000|100%| O|  |TAMS 0x0000000082f00000, 0x0000000082e00000| Untracked 
|  47|0x0000000082f00000, 0x0000000083000000, 0x0000000083000000|100%| O|  |TAMS 0x0000000083000000, 0x0000000082f00000| Untracked 
|  48|0x0000000083000000, 0x0000000083100000, 0x0000000083100000|100%| O|  |TAMS 0x0000000083100000, 0x0000000083000000| Untracked 
|  49|0x0000000083100000, 0x0000000083200000, 0x0000000083200000|100%| O|  |TAMS 0x0000000083200000, 0x0000000083100000| Untracked 
|  50|0x0000000083200000, 0x0000000083300000, 0x0000000083300000|100%| O|  |TAMS 0x0000000083300000, 0x0000000083200000| Untracked 
|  51|0x0000000083300000, 0x0000000083400000, 0x0000000083400000|100%| O|  |TAMS 0x0000000083400000, 0x0000000083300000| Untracked 
|  52|0x0000000083400000, 0x0000000083500000, 0x0000000083500000|100%| O|  |TAMS 0x0000000083500000, 0x0000000083400000| Untracked 
|  53|0x0000000083500000, 0x0000000083600000, 0x0000000083600000|100%| O|  |TAMS 0x0000000083600000, 0x0000000083500000| Untracked 
|  54|0x0000000083600000, 0x0000000083700000, 0x0000000083700000|100%| O|  |TAMS 0x0000000083700000, 0x0000000083600000| Untracked 
|  55|0x0000000083700000, 0x0000000083800000, 0x0000000083800000|100%| O|  |TAMS 0x0000000083800000, 0x0000000083700000| Untracked 
|  56|0x0000000083800000, 0x0000000083900000, 0x0000000083900000|100%| O|  |TAMS 0x0000000083900000, 0x0000000083800000| Untracked 
|  57|0x0000000083900000, 0x00000000839bfa00, 0x0000000083a00000| 74%| O|  |TAMS 0x00000000839bfa00, 0x0000000083900000| Untracked 
|  58|0x0000000083a00000, 0x0000000083a00000, 0x0000000083b00000|  0%| F|  |TAMS 0x0000000083a00000, 0x0000000083a00000| Untracked 
|  59|0x0000000083b00000, 0x0000000083b00000, 0x0000000083c00000|  0%| F|  |TAMS 0x0000000083b00000, 0x0000000083b00000| Untracked 
|  60|0x0000000083c00000, 0x0000000083c00000, 0x0000000083d00000|  0%| F|  |TAMS 0x0000000083c00000, 0x0000000083c00000| Untracked 
|  61|0x0000000083d00000, 0x0000000083d00000, 0x0000000083e00000|  0%| F|  |TAMS 0x0000000083d00000, 0x0000000083d00000| Untracked 
|  62|0x0000000083e00000, 0x0000000083e00000, 0x0000000083f00000|  0%| F|  |TAMS 0x0000000083e00000, 0x0000000083e00000| Untracked 
|  63|0x0000000083f00000, 0x0000000083f00000, 0x0000000084000000|  0%| F|  |TAMS 0x0000000083f00000, 0x0000000083f00000| Untracked 
|  64|0x0000000084000000, 0x0000000084000000, 0x0000000084100000|  0%| F|  |TAMS 0x0000000084000000, 0x0000000084000000| Untracked 
|  65|0x0000000084100000, 0x0000000084100000, 0x0000000084200000|  0%| F|  |TAMS 0x0000000084100000, 0x0000000084100000| Untracked 
|  66|0x0000000084200000, 0x0000000084200000, 0x0000000084300000|  0%| F|  |TAMS 0x0000000084200000, 0x0000000084200000| Untracked 
|  67|0x0000000084300000, 0x0000000084300000, 0x0000000084400000|  0%| F|  |TAMS 0x0000000084300000, 0x0000000084300000| Untracked 
|  68|0x0000000084400000, 0x0000000084400000, 0x0000000084500000|  0%| F|  |TAMS 0x0000000084400000, 0x0000000084400000| Untracked 
|  69|0x0000000084500000, 0x0000000084500000, 0x0000000084600000|  0%| F|  |TAMS 0x0000000084500000, 0x0000000084500000| Untracked 
|  70|0x0000000084600000, 0x0000000084600000, 0x0000000084700000|  0%| F|  |TAMS 0x0000000084600000, 0x0000000084600000| Untracked 
|  71|0x0000000084700000, 0x0000000084700000, 0x0000000084800000|  0%| F|  |TAMS 0x0000000084700000, 0x0000000084700000| Untracked 
|  72|0x0000000084800000, 0x0000000084800000, 0x0000000084900000|  0%| F|  |TAMS 0x0000000084800000, 0x0000000084800000| Untracked 
|  73|0x0000000084900000, 0x0000000084900000, 0x0000000084a00000|  0%| F|  |TAMS 0x0000000084900000, 0x0000000084900000| Untracked 
|  74|0x0000000084a00000, 0x0000000084a00000, 0x0000000084b00000|  0%| F|  |TAMS 0x0000000084a00000, 0x0000000084a00000| Untracked 
|  75|0x0000000084b00000, 0x0000000084b6a1a8, 0x0000000084c00000| 41%| S|CS|TAMS 0x0000000084b00000, 0x0000000084b00000| Complete 
|  76|0x0000000084c00000, 0x0000000084d00000, 0x0000000084d00000|100%| S|CS|TAMS 0x0000000084c00000, 0x0000000084c00000| Complete 
|  77|0x0000000084d00000, 0x0000000084e00000, 0x0000000084e00000|100%| S|CS|TAMS 0x0000000084d00000, 0x0000000084d00000| Complete 
|  78|0x0000000084e00000, 0x0000000084f00000, 0x0000000084f00000|100%| S|CS|TAMS 0x0000000084e00000, 0x0000000084e00000| Complete 
|  79|0x0000000084f00000, 0x0000000084f00000, 0x0000000085000000|  0%| F|  |TAMS 0x0000000084f00000, 0x0000000084f00000| Untracked 
|  80|0x0000000085000000, 0x0000000085000000, 0x0000000085100000|  0%| F|  |TAMS 0x0000000085000000, 0x0000000085000000| Untracked 
|  81|0x0000000085100000, 0x0000000085100000, 0x0000000085200000|  0%| F|  |TAMS 0x0000000085100000, 0x0000000085100000| Untracked 
|  82|0x0000000085200000, 0x0000000085200000, 0x0000000085300000|  0%| F|  |TAMS 0x0000000085200000, 0x0000000085200000| Untracked 
|  83|0x0000000085300000, 0x0000000085300000, 0x0000000085400000|  0%| F|  |TAMS 0x0000000085300000, 0x0000000085300000| Untracked 
|  84|0x0000000085400000, 0x0000000085400000, 0x0000000085500000|  0%| F|  |TAMS 0x0000000085400000, 0x0000000085400000| Untracked 
|  85|0x0000000085500000, 0x0000000085500000, 0x0000000085600000|  0%| F|  |TAMS 0x0000000085500000, 0x0000000085500000| Untracked 
|  86|0x0000000085600000, 0x0000000085600000, 0x0000000085700000|  0%| F|  |TAMS 0x0000000085600000, 0x0000000085600000| Untracked 
|  87|0x0000000085700000, 0x0000000085700000, 0x0000000085800000|  0%| F|  |TAMS 0x0000000085700000, 0x0000000085700000| Untracked 
|  88|0x0000000085800000, 0x0000000085800000, 0x0000000085900000|  0%| F|  |TAMS 0x0000000085800000, 0x0000000085800000| Untracked 
|  89|0x0000000085900000, 0x0000000085900000, 0x0000000085a00000|  0%| F|  |TAMS 0x0000000085900000, 0x0000000085900000| Untracked 
|  90|0x0000000085a00000, 0x0000000085a00000, 0x0000000085b00000|  0%| F|  |TAMS 0x0000000085a00000, 0x0000000085a00000| Untracked 
|  91|0x0000000085b00000, 0x0000000085b00000, 0x0000000085c00000|  0%| F|  |TAMS 0x0000000085b00000, 0x0000000085b00000| Untracked 
|  92|0x0000000085c00000, 0x0000000085c00000, 0x0000000085d00000|  0%| F|  |TAMS 0x0000000085c00000, 0x0000000085c00000| Untracked 
|  93|0x0000000085d00000, 0x0000000085d00000, 0x0000000085e00000|  0%| F|  |TAMS 0x0000000085d00000, 0x0000000085d00000| Untracked 
|  94|0x0000000085e00000, 0x0000000085e00000, 0x0000000085f00000|  0%| F|  |TAMS 0x0000000085e00000, 0x0000000085e00000| Untracked 
|  95|0x0000000085f00000, 0x0000000085f00000, 0x0000000086000000|  0%| F|  |TAMS 0x0000000085f00000, 0x0000000085f00000| Untracked 
|  96|0x0000000086000000, 0x0000000086000000, 0x0000000086100000|  0%| F|  |TAMS 0x0000000086000000, 0x0000000086000000| Untracked 
|  97|0x0000000086100000, 0x0000000086100000, 0x0000000086200000|  0%| F|  |TAMS 0x0000000086100000, 0x0000000086100000| Untracked 
|  98|0x0000000086200000, 0x0000000086200000, 0x0000000086300000|  0%| F|  |TAMS 0x0000000086200000, 0x0000000086200000| Untracked 
|  99|0x0000000086300000, 0x0000000086300000, 0x0000000086400000|  0%| F|  |TAMS 0x0000000086300000, 0x0000000086300000| Untracked 
| 100|0x0000000086400000, 0x0000000086400000, 0x0000000086500000|  0%| F|  |TAMS 0x0000000086400000, 0x0000000086400000| Untracked 
| 101|0x0000000086500000, 0x0000000086500000, 0x0000000086600000|  0%| F|  |TAMS 0x0000000086500000, 0x0000000086500000| Untracked 
| 102|0x0000000086600000, 0x0000000086600000, 0x0000000086700000|  0%| F|  |TAMS 0x0000000086600000, 0x0000000086600000| Untracked 
| 103|0x0000000086700000, 0x0000000086700000, 0x0000000086800000|  0%| F|  |TAMS 0x0000000086700000, 0x0000000086700000| Untracked 
| 104|0x0000000086800000, 0x0000000086800000, 0x0000000086900000|  0%| F|  |TAMS 0x0000000086800000, 0x0000000086800000| Untracked 
| 105|0x0000000086900000, 0x0000000086900000, 0x0000000086a00000|  0%| F|  |TAMS 0x0000000086900000, 0x0000000086900000| Untracked 
| 106|0x0000000086a00000, 0x0000000086a00000, 0x0000000086b00000|  0%| F|  |TAMS 0x0000000086a00000, 0x0000000086a00000| Untracked 
| 107|0x0000000086b00000, 0x0000000086b00000, 0x0000000086c00000|  0%| F|  |TAMS 0x0000000086b00000, 0x0000000086b00000| Untracked 
| 108|0x0000000086c00000, 0x0000000086c00000, 0x0000000086d00000|  0%| F|  |TAMS 0x0000000086c00000, 0x0000000086c00000| Untracked 
| 109|0x0000000086d00000, 0x0000000086d00000, 0x0000000086e00000|  0%| F|  |TAMS 0x0000000086d00000, 0x0000000086d00000| Untracked 
| 110|0x0000000086e00000, 0x0000000086e00000, 0x0000000086f00000|  0%| F|  |TAMS 0x0000000086e00000, 0x0000000086e00000| Untracked 
| 111|0x0000000086f00000, 0x0000000086f00000, 0x0000000087000000|  0%| F|  |TAMS 0x0000000086f00000, 0x0000000086f00000| Untracked 
| 112|0x0000000087000000, 0x0000000087000000, 0x0000000087100000|  0%| F|  |TAMS 0x0000000087000000, 0x0000000087000000| Untracked 
| 113|0x0000000087100000, 0x000000008717a1e0, 0x0000000087200000| 47%| E|  |TAMS 0x0000000087100000, 0x0000000087100000| Complete 
| 114|0x0000000087200000, 0x0000000087300000, 0x0000000087300000|100%| E|CS|TAMS 0x0000000087200000, 0x0000000087200000| Complete 
| 115|0x0000000087300000, 0x0000000087400000, 0x0000000087400000|100%| E|CS|TAMS 0x0000000087300000, 0x0000000087300000| Complete 
| 116|0x0000000087400000, 0x0000000087500000, 0x0000000087500000|100%| E|CS|TAMS 0x0000000087400000, 0x0000000087400000| Complete 
| 117|0x0000000087500000, 0x0000000087600000, 0x0000000087600000|100%| E|CS|TAMS 0x0000000087500000, 0x0000000087500000| Complete 
| 118|0x0000000087600000, 0x0000000087700000, 0x0000000087700000|100%| E|CS|TAMS 0x0000000087600000, 0x0000000087600000| Complete 
| 119|0x0000000087700000, 0x0000000087800000, 0x0000000087800000|100%| E|CS|TAMS 0x0000000087700000, 0x0000000087700000| Complete 
| 120|0x0000000087800000, 0x0000000087900000, 0x0000000087900000|100%| E|CS|TAMS 0x0000000087800000, 0x0000000087800000| Complete 
| 121|0x0000000087900000, 0x0000000087a00000, 0x0000000087a00000|100%| E|CS|TAMS 0x0000000087900000, 0x0000000087900000| Complete 
| 122|0x0000000087a00000, 0x0000000087b00000, 0x0000000087b00000|100%| E|  |TAMS 0x0000000087a00000, 0x0000000087a00000| Complete 
| 123|0x0000000087b00000, 0x0000000087c00000, 0x0000000087c00000|100%| E|CS|TAMS 0x0000000087b00000, 0x0000000087b00000| Complete 
| 124|0x0000000087c00000, 0x0000000087d00000, 0x0000000087d00000|100%| E|CS|TAMS 0x0000000087c00000, 0x0000000087c00000| Complete 
| 125|0x0000000087d00000, 0x0000000087e00000, 0x0000000087e00000|100%| E|CS|TAMS 0x0000000087d00000, 0x0000000087d00000| Complete 
| 126|0x0000000087e00000, 0x0000000087f00000, 0x0000000087f00000|100%| E|CS|TAMS 0x0000000087e00000, 0x0000000087e00000| Complete 
| 127|0x0000000087f00000, 0x0000000088000000, 0x0000000088000000|100%| E|CS|TAMS 0x0000000087f00000, 0x0000000087f00000| Complete 
| 128|0x0000000088000000, 0x0000000088100000, 0x0000000088100000|100%| E|CS|TAMS 0x0000000088000000, 0x0000000088000000| Complete 
| 129|0x0000000088100000, 0x0000000088200000, 0x0000000088200000|100%| E|CS|TAMS 0x0000000088100000, 0x0000000088100000| Complete 
| 130|0x0000000088200000, 0x0000000088300000, 0x0000000088300000|100%| E|CS|TAMS 0x0000000088200000, 0x0000000088200000| Complete 

Card table byte_map: [0x000001ffa5090000,0x000001ffa5490000] _byte_map_base: 0x000001ffa4c90000

Marking Bits (Prev, Next): (CMBitMap*) 0x000001ff9176c5d0, (CMBitMap*) 0x000001ff9176c598
 Prev Bits: [0x000001ffa7890000, 0x000001ffa9890000)
 Next Bits: [0x000001ffa5890000, 0x000001ffa7890000)

Polling page: 0x000001ff8fe40000

Metaspace:

Usage:
  Non-class:     68.09 MB capacity,    66.85 MB ( 98%) used,     1.02 MB (  1%) free+waste,   225.88 KB ( <1%) overhead. 
      Class:     10.87 MB capacity,    10.08 MB ( 93%) used,   698.74 KB (  6%) free+waste,   104.88 KB ( <1%) overhead. 
       Both:     78.96 MB capacity,    76.94 MB ( 97%) used,     1.70 MB (  2%) free+waste,   330.75 KB ( <1%) overhead. 

Virtual space:
  Non-class space:       70.00 MB reserved,      68.25 MB ( 98%) committed 
      Class space:        1.00 GB reserved,      10.88 MB (  1%) committed 
             Both:        1.07 GB reserved,      79.13 MB (  7%) committed 

Chunk freelists:
   Non-Class:  32.00 KB
       Class:  7.00 KB
        Both:  39.00 KB

MaxMetaspaceSize: 17179869184.00 GB
CompressedClassSpaceSize: 1.00 GB

CodeHeap 'non-profiled nmethods': size=120000Kb used=4102Kb max_used=4102Kb free=115897Kb
 bounds [0x000001ff9ccf0000, 0x000001ff9d100000, 0x000001ffa4220000]
CodeHeap 'profiled nmethods': size=120000Kb used=17181Kb max_used=17181Kb free=102818Kb
 bounds [0x000001ff957c0000, 0x000001ff96890000, 0x000001ff9ccf0000]
CodeHeap 'non-nmethods': size=5760Kb used=2285Kb max_used=2320Kb free=3474Kb
 bounds [0x000001ff95220000, 0x000001ff95490000, 0x000001ff957c0000]
 total_blobs=9260 nmethods=8388 adapters=783
 compilation: enabled
              stopped_count=0, restarted_count=0
 full_count=0

Compilation events (20 events):
Event: 31.305 Thread 0x000001ffac371800 nmethod 8469 0x000001ff96864890 code [0x000001ff96864a80, 0x000001ff96864c28]
Event: 31.306 Thread 0x000001ffac371800 8470       3       java.util.LinkedList::pollFirst (19 bytes)
Event: 31.311 Thread 0x000001ffac371800 nmethod 8470 0x000001ff96864d10 code [0x000001ff96864ec0, 0x000001ff96865048]
Event: 31.317 Thread 0x000001ffac371800 8471       3       sun.nio.cs.UTF_8::newDecoder (9 bytes)
Event: 31.318 Thread 0x000001ffac371800 nmethod 8471 0x000001ff96865110 code [0x000001ff96865300, 0x000001ff96865588]
Event: 31.318 Thread 0x000001ffac371800 8472   !   3       sun.nio.ch.FileChannelImpl::read (266 bytes)
Event: 31.321 Thread 0x000001ffac371800 nmethod 8472 0x000001ff96865710 code [0x000001ff96865a20, 0x000001ff96866b08]
Event: 31.321 Thread 0x000001ffac371800 8473       3       sun.nio.ch.FileDispatcherImpl::read (8 bytes)
Event: 31.321 Thread 0x000001ffac371800 nmethod 8473 0x000001ff96867310 code [0x000001ff968674c0, 0x000001ff968675e8]
Event: 31.321 Thread 0x000001ffac371800 8474       3       sun.nio.ch.Util$BufferCache::get (164 bytes)
Event: 31.322 Thread 0x000001ffac371800 nmethod 8474 0x000001ff96867690 code [0x000001ff968678c0, 0x000001ff96868278]
Event: 31.322 Thread 0x000001ffac371800 8475       3       com.google.common.cache.Striped64$Cell::cas (13 bytes)
Event: 31.323 Thread 0x000001ffac371800 nmethod 8475 0x000001ff96868590 code [0x000001ff96868740, 0x000001ff968688d8]
Event: 31.324 Thread 0x000001ffac371800 8476       3       org.gradle.internal.snapshot.impl.DefaultImplementationSnapshot::<init> (11 bytes)
Event: 31.324 Thread 0x000001ffac371800 nmethod 8476 0x000001ff96868990 code [0x000001ff96868b60, 0x000001ff96868dd8]
Event: 31.328 Thread 0x000001ffac371800 8477       3       org.gradle.internal.snapshot.PathUtil::lastIndexOfSeparator (34 bytes)
Event: 31.330 Thread 0x000001ffac371800 nmethod 8477 0x000001ff96868f10 code [0x000001ff96869160, 0x000001ff96869a18]
Event: 31.338 Thread 0x000001ffac371800 8478   !   3       org.gradle.initialization.DefaultBuildCancellationToken::isCancellationRequested (19 bytes)
Event: 31.338 Thread 0x000001ffac371800 nmethod 8478 0x000001ff96869d90 code [0x000001ff96869f40, 0x000001ff9686a1d8]
Event: 31.340 Thread 0x000001ffac371800 8479       3       org.gradle.execution.plan.DefaultPlanExecutor$ExecutorWorker$$Lambda$746/0x0000000100a33440::transform (24 bytes)

GC Heap History (20 events):
Event: 23.958 GC heap before
{Heap before GC invocations=47 (full 0):
 garbage-first heap   total 76800K, used 61855K [0x0000000080000000, 0x0000000100000000)
  region size 1024K, 14 young (14336K), 2 survivors (2048K)
 Metaspace       used 63221K, capacity 64703K, committed 65024K, reserved 1105920K
  class space    used 8040K, capacity 8595K, committed 8704K, reserved 1048576K
}
Event: 23.963 GC heap after
{Heap after GC invocations=48 (full 0):
 garbage-first heap   total 76800K, used 48988K [0x0000000080000000, 0x0000000100000000)
  region size 1024K, 2 young (2048K), 2 survivors (2048K)
 Metaspace       used 63221K, capacity 64703K, committed 65024K, reserved 1105920K
  class space    used 8040K, capacity 8595K, committed 8704K, reserved 1048576K
}
Event: 24.148 GC heap before
{Heap before GC invocations=48 (full 0):
 garbage-first heap   total 76800K, used 61276K [0x0000000080000000, 0x0000000100000000)
  region size 1024K, 14 young (14336K), 2 survivors (2048K)
 Metaspace       used 63285K, capacity 64807K, committed 65024K, reserved 1105920K
  class space    used 8047K, capacity 8631K, committed 8704K, reserved 1048576K
}
Event: 24.156 GC heap after
{Heap after GC invocations=49 (full 0):
 garbage-first heap   total 92160K, used 50471K [0x0000000080000000, 0x0000000100000000)
  region size 1024K, 2 young (2048K), 2 survivors (2048K)
 Metaspace       used 63285K, capacity 64807K, committed 65024K, reserved 1105920K
  class space    used 8047K, capacity 8631K, committed 8704K, reserved 1048576K
}
Event: 24.744 GC heap before
{Heap before GC invocations=50 (full 0):
 garbage-first heap   total 92160K, used 68903K [0x0000000080000000, 0x0000000100000000)
  region size 1024K, 20 young (20480K), 2 survivors (2048K)
 Metaspace       used 64791K, capacity 66318K, committed 66432K, reserved 1107968K
  class space    used 8249K, capacity 8793K, committed 8832K, reserved 1048576K
}
Event: 24.749 GC heap after
{Heap after GC invocations=51 (full 0):
 garbage-first heap   total 92160K, used 52121K [0x0000000080000000, 0x0000000100000000)
  region size 1024K, 3 young (3072K), 3 survivors (3072K)
 Metaspace       used 64791K, capacity 66318K, committed 66432K, reserved 1107968K
  class space    used 8249K, capacity 8793K, committed 8832K, reserved 1048576K
}
Event: 25.678 GC heap before
{Heap before GC invocations=51 (full 0):
 garbage-first heap   total 92160K, used 70553K [0x0000000080000000, 0x0000000100000000)
  region size 1024K, 21 young (21504K), 3 survivors (3072K)
 Metaspace       used 67532K, capacity 69174K, committed 69248K, reserved 1110016K
  class space    used 8739K, capacity 9317K, committed 9344K, reserved 1048576K
}
Event: 25.684 GC heap after
{Heap after GC invocations=52 (full 0):
 garbage-first heap   total 92160K, used 53185K [0x0000000080000000, 0x0000000100000000)
  region size 1024K, 3 young (3072K), 3 survivors (3072K)
 Metaspace       used 67532K, capacity 69174K, committed 69248K, reserved 1110016K
  class space    used 8739K, capacity 9317K, committed 9344K, reserved 1048576K
}
Event: 26.274 GC heap before
{Heap before GC invocations=53 (full 0):
 garbage-first heap   total 92160K, used 71617K [0x0000000080000000, 0x0000000100000000)
  region size 1024K, 21 young (21504K), 3 survivors (3072K)
 Metaspace       used 69099K, capacity 70804K, committed 71040K, reserved 1110016K
  class space    used 8955K, capacity 9573K, committed 9600K, reserved 1048576K
}
Event: 26.279 GC heap after
{Heap after GC invocations=54 (full 0):
 garbage-first heap   total 92160K, used 54627K [0x0000000080000000, 0x0000000100000000)
  region size 1024K, 3 young (3072K), 3 survivors (3072K)
 Metaspace       used 69099K, capacity 70804K, committed 71040K, reserved 1110016K
  class space    used 8955K, capacity 9573K, committed 9600K, reserved 1048576K
}
Event: 26.798 GC heap before
{Heap before GC invocations=54 (full 0):
 garbage-first heap   total 92160K, used 73059K [0x0000000080000000, 0x0000000100000000)
  region size 1024K, 21 young (21504K), 3 survivors (3072K)
 Metaspace       used 70438K, capacity 72095K, committed 72320K, reserved 1112064K
  class space    used 9161K, capacity 9782K, committed 9856K, reserved 1048576K
}
Event: 26.810 GC heap after
{Heap after GC invocations=55 (full 0):
 garbage-first heap   total 110592K, used 55832K [0x0000000080000000, 0x0000000100000000)
  region size 1024K, 3 young (3072K), 3 survivors (3072K)
 Metaspace       used 70438K, capacity 72095K, committed 72320K, reserved 1112064K
  class space    used 9161K, capacity 9782K, committed 9856K, reserved 1048576K
}
Event: 27.710 GC heap before
{Heap before GC invocations=56 (full 0):
 garbage-first heap   total 110592K, used 82456K [0x0000000080000000, 0x0000000100000000)
  region size 1024K, 29 young (29696K), 3 survivors (3072K)
 Metaspace       used 73198K, capacity 74923K, committed 75008K, reserved 1114112K
  class space    used 9572K, capacity 10213K, committed 10240K, reserved 1048576K
}
Event: 27.718 GC heap after
{Heap after GC invocations=57 (full 0):
 garbage-first heap   total 110592K, used 57032K [0x0000000080000000, 0x0000000100000000)
  region size 1024K, 3 young (3072K), 3 survivors (3072K)
 Metaspace       used 73198K, capacity 74923K, committed 75008K, reserved 1114112K
  class space    used 9572K, capacity 10213K, committed 10240K, reserved 1048576K
}
Event: 28.754 GC heap before
{Heap before GC invocations=57 (full 0):
 garbage-first heap   total 110592K, used 83656K [0x0000000080000000, 0x0000000100000000)
  region size 1024K, 29 young (29696K), 3 survivors (3072K)
 Metaspace       used 76491K, capacity 78335K, committed 78592K, reserved 1118208K
  class space    used 9992K, capacity 10651K, committed 10752K, reserved 1048576K
}
Event: 28.769 GC heap after
{Heap after GC invocations=58 (full 0):
 garbage-first heap   total 110592K, used 59337K [0x0000000080000000, 0x0000000100000000)
  region size 1024K, 4 young (4096K), 4 survivors (4096K)
 Metaspace       used 76491K, capacity 78335K, committed 78592K, reserved 1118208K
  class space    used 9992K, capacity 10651K, committed 10752K, reserved 1048576K
}
Event: 29.830 GC heap before
{Heap before GC invocations=59 (full 0):
 garbage-first heap   total 110592K, used 84937K [0x0000000080000000, 0x0000000100000000)
  region size 1024K, 30 young (30720K), 4 survivors (4096K)
 Metaspace       used 78083K, capacity 80180K, committed 80256K, reserved 1118208K
  class space    used 10273K, capacity 11069K, committed 11136K, reserved 1048576K
}
Event: 29.858 GC heap after
{Heap after GC invocations=60 (full 0):
 garbage-first heap   total 110592K, used 61088K [0x0000000080000000, 0x0000000100000000)
  region size 1024K, 4 young (4096K), 4 survivors (4096K)
 Metaspace       used 78083K, capacity 80180K, committed 80256K, reserved 1118208K
  class space    used 10273K, capacity 11069K, committed 11136K, reserved 1048576K
}
Event: 30.782 GC heap before
{Heap before GC invocations=60 (full 0):
 garbage-first heap   total 110592K, used 86688K [0x0000000080000000, 0x0000000100000000)
  region size 1024K, 30 young (30720K), 4 survivors (4096K)
 Metaspace       used 78531K, capacity 80613K, committed 80768K, reserved 1118208K
  class space    used 10306K, capacity 11119K, committed 11136K, reserved 1048576K
}
Event: 30.805 GC heap after
{Heap after GC invocations=61 (full 0):
 garbage-first heap   total 134144K, used 62630K [0x0000000080000000, 0x0000000100000000)
  region size 1024K, 4 young (4096K), 4 survivors (4096K)
 Metaspace       used 78531K, capacity 80613K, committed 80768K, reserved 1118208K
  class space    used 10306K, capacity 11119K, committed 11136K, reserved 1048576K
}

Deoptimization events (20 events):
Event: 30.903 Thread 0x000001ffaef55800 Uncommon trap: trap_request=0xffffffc6 fr.pc=0x000001ff9d0e45e0 relative=0x0000000000000560
Event: 30.903 Thread 0x000001ffaef55800 Uncommon trap: reason=bimorphic_or_optimized_type_check action=maybe_recompile pc=0x000001ff9d0e45e0 method=java.util.Arrays.binarySearch0([Ljava/lang/Object;IILjava/lang/Object;Ljava/util/Comparator;)I @ 48 c2
Event: 30.903 Thread 0x000001ffaef55800 DEOPT PACKING pc=0x000001ff9d0e45e0 sp=0x000000a7b8df9680
Event: 30.903 Thread 0x000001ffaef55800 DEOPT UNPACKING pc=0x000001ff952283af sp=0x000000a7b8df9600 mode 2
Event: 30.903 Thread 0x000001ffaef55800 Uncommon trap: trap_request=0xffffffc6 fr.pc=0x000001ff9d0e45e0 relative=0x0000000000000560
Event: 30.903 Thread 0x000001ffaef55800 Uncommon trap: reason=bimorphic_or_optimized_type_check action=maybe_recompile pc=0x000001ff9d0e45e0 method=java.util.Arrays.binarySearch0([Ljava/lang/Object;IILjava/lang/Object;Ljava/util/Comparator;)I @ 48 c2
Event: 30.903 Thread 0x000001ffaef55800 DEOPT PACKING pc=0x000001ff9d0e45e0 sp=0x000000a7b8df9680
Event: 30.903 Thread 0x000001ffaef55800 DEOPT UNPACKING pc=0x000001ff952283af sp=0x000000a7b8df9600 mode 2
Event: 30.903 Thread 0x000001ffaef55800 Uncommon trap: trap_request=0xffffffc6 fr.pc=0x000001ff9d0e45e0 relative=0x0000000000000560
Event: 30.903 Thread 0x000001ffaef55800 Uncommon trap: reason=bimorphic_or_optimized_type_check action=maybe_recompile pc=0x000001ff9d0e45e0 method=java.util.Arrays.binarySearch0([Ljava/lang/Object;IILjava/lang/Object;Ljava/util/Comparator;)I @ 48 c2
Event: 30.903 Thread 0x000001ffaef55800 DEOPT PACKING pc=0x000001ff9d0e45e0 sp=0x000000a7b8df9680
Event: 30.903 Thread 0x000001ffaef55800 DEOPT UNPACKING pc=0x000001ff952283af sp=0x000000a7b8df9600 mode 2
Event: 30.918 Thread 0x000001ffaef55800 Uncommon trap: trap_request=0xffffffc6 fr.pc=0x000001ff9d0e45e0 relative=0x0000000000000560
Event: 30.918 Thread 0x000001ffaef55800 Uncommon trap: reason=bimorphic_or_optimized_type_check action=maybe_recompile pc=0x000001ff9d0e45e0 method=java.util.Arrays.binarySearch0([Ljava/lang/Object;IILjava/lang/Object;Ljava/util/Comparator;)I @ 48 c2
Event: 30.918 Thread 0x000001ffaef55800 DEOPT PACKING pc=0x000001ff9d0e45e0 sp=0x000000a7b8df9600
Event: 30.918 Thread 0x000001ffaef55800 DEOPT UNPACKING pc=0x000001ff952283af sp=0x000000a7b8df9580 mode 2
Event: 30.924 Thread 0x000001ffad1df800 DEOPT PACKING pc=0x000001ff96523ead sp=0x000000a7b90fea40
Event: 30.927 Thread 0x000001ffad1df800 DEOPT UNPACKING pc=0x000001ff95248ede sp=0x000000a7b90fdf00 mode 0
Event: 31.261 Thread 0x000001ffb0e74800 DEOPT PACKING pc=0x000001ff965ac8c4 sp=0x000000a7baafd5e0
Event: 31.261 Thread 0x000001ffb0e74800 DEOPT UNPACKING pc=0x000001ff95248ede sp=0x000000a7baafcb80 mode 0

Classes redefined (0 events):
No events

Internal exceptions (20 events):
Event: 28.356 Thread 0x000001ffaef55800 Exception <a 'java/lang/NoSuchMethodError'{0x0000000085ed26e0}: 'java.lang.Object java.lang.invoke.Invokers$Holder.linkToTargetMethod(java.lang.Object, int, int, java.lang.Object)'> (0x0000000085ed26e0) thrown at [./src/hotspot/share/interpreter/linkResolver.cpp, line 773]
Event: 28.743 Thread 0x000001ffad1df800 Exception <a 'java/lang/NoSuchMethodError'{0x0000000085208a40}: <clinit>> (0x0000000085208a40) thrown at [./src/hotspot/share/prims/jni.cpp, line 1362]
Event: 28.746 Thread 0x000001ffad1df800 Exception <a 'java/lang/NoSuchMethodError'{0x00000000852141d8}: <clinit>> (0x00000000852141d8) thrown at [./src/hotspot/share/prims/jni.cpp, line 1362]
Event: 28.751 Thread 0x000001ffad1df800 Exception <a 'java/lang/NoSuchMethodError'{0x00000000852bb7e0}: <clinit>> (0x00000000852bb7e0) thrown at [./src/hotspot/share/prims/jni.cpp, line 1362]
Event: 28.777 Thread 0x000001ffad1df800 Exception <a 'java/lang/NoSuchMethodError'{0x0000000086b815e8}: <clinit>> (0x0000000086b815e8) thrown at [./src/hotspot/share/prims/jni.cpp, line 1362]
Event: 28.777 Thread 0x000001ffad1df800 Exception <a 'java/lang/NoSuchMethodError'{0x0000000086b82d68}: <clinit>> (0x0000000086b82d68) thrown at [./src/hotspot/share/prims/jni.cpp, line 1362]
Event: 28.806 Thread 0x000001ffadbc5000 Exception <a 'java/lang/NoSuchMethodError'{0x000000008698e710}: <clinit>> (0x000000008698e710) thrown at [./src/hotspot/share/prims/jni.cpp, line 1362]
Event: 28.819 Thread 0x000001ffadbc5000 Exception <a 'java/lang/NoSuchMethodError'{0x00000000869b9260}: <clinit>> (0x00000000869b9260) thrown at [./src/hotspot/share/prims/jni.cpp, line 1362]
Event: 28.823 Thread 0x000001ffadbc5000 Exception <a 'java/lang/NoSuchMethodError'{0x00000000869fb3a8}: <clinit>> (0x00000000869fb3a8) thrown at [./src/hotspot/share/prims/jni.cpp, line 1362]
Event: 28.919 Thread 0x000001ffad1df800 Exception <a 'java/lang/NoSuchMethodError'{0x00000000866a6320}: <clinit>> (0x00000000866a6320) thrown at [./src/hotspot/share/prims/jni.cpp, line 1362]
Event: 28.996 Thread 0x000001ffaef55800 Exception <a 'java/lang/NoSuchMethodError'{0x000000008655e6e8}: 'java.lang.Object java.lang.invoke.Invokers$Holder.linkToTargetMethod(java.lang.Object, java.lang.Object, java.lang.Object, int, java.lang.Object, java.lang.Object)'> (0x000000008655e6e8) thrown at [./src/hotspot/share/interpreter/linkResolver.cpp, line 773]
Event: 29.033 Thread 0x000001ffaef55800 Exception <a 'java/lang/IncompatibleClassChangeError'{0x00000000865c64a0}: Found class java.lang.Object, but interface was expected> (0x00000000865c64a0) thrown at [./src/hotspot/share/interpreter/linkResolver.cpp, line 839]
Event: 29.099 Thread 0x000001ffaef55800 Exception <a 'java/lang/NoSuchMethodError'{0x00000000863b6b40}: 'int java.lang.invoke.DirectMethodHandle$Holder.invokeStaticInit(java.lang.Object, java.lang.Object, java.lang.Object, java.lang.Object, java.lang.Object)'> (0x00000000863b6b40) thrown at [./src/hotspot/share/interpreter/linkResolver.cpp, line 773]
Event: 29.504 Thread 0x000001ffb0e77000 Exception <a 'java/lang/NoSuchMethodError'{0x0000000085c1aa38}: 'void java.lang.invoke.DirectMethodHandle$Holder.invokeVirtual(java.lang.Object, java.lang.Object)'> (0x0000000085c1aa38) thrown at [./src/hotspot/share/interpreter/linkResolver.cpp, line 773]
Event: 29.504 Thread 0x000001ffb0e75800 Exception <a 'java/lang/NoSuchMethodError'{0x0000000085c333a0}: 'void java.lang.invoke.DirectMethodHandle$Holder.invokeVirtual(java.lang.Object, java.lang.Object)'> (0x0000000085c333a0) thrown at [./src/hotspot/share/interpreter/linkResolver.cpp, line 773]
Event: 29.540 Thread 0x000001ffb0e72000 Exception <a 'java/lang/NoSuchMethodError'{0x0000000085bdf2e0}: 'java.lang.Object java.lang.invoke.DirectMethodHandle$Holder.invokeSpecialIFC(java.lang.Object, java.lang.Object, java.lang.Object)'> (0x0000000085bdf2e0) thrown at [./src/hotspot/share/interpreter/linkResolver.cpp, line 773]
Event: 29.540 Thread 0x000001ffb0e77000 Exception <a 'java/lang/NoSuchMethodError'{0x0000000085bd2520}: 'java.lang.Object java.lang.invoke.DirectMethodHandle$Holder.invokeSpecialIFC(java.lang.Object, java.lang.Object, java.lang.Object)'> (0x0000000085bd2520) thrown at [./src/hotspot/share/interpreter/linkResolver.cpp, line 773]
Event: 29.540 Thread 0x000001ffb0e75800 Exception <a 'java/lang/NoSuchMethodError'{0x0000000085bbe2c8}: 'java.lang.Object java.lang.invoke.DirectMethodHandle$Holder.invokeSpecialIFC(java.lang.Object, java.lang.Object, java.lang.Object)'> (0x0000000085bbe2c8) thrown at [./src/hotspot/share/interpreter/linkResolver.cpp, line 773]
Event: 29.540 Thread 0x000001ffb0e73000 Exception <a 'java/lang/NoSuchMethodError'{0x0000000085bdad50}: 'java.lang.Object java.lang.invoke.DirectMethodHandle$Holder.invokeSpecialIFC(java.lang.Object, java.lang.Object, java.lang.Object)'> (0x0000000085bdad50) thrown at [./src/hotspot/share/interpreter/linkResolver.cpp, line 773]
Event: 29.540 Thread 0x000001ffaef55800 Exception <a 'java/lang/NoSuchMethodError'{0x0000000085ce3f80}: 'java.lang.Object java.lang.invoke.DirectMethodHandle$Holder.invokeSpecialIFC(java.lang.Object, java.lang.Object, java.lang.Object)'> (0x0000000085ce3f80) thrown at [./src/hotspot/share/interpreter/linkResolver.cpp, line 773]

Events (20 events):
Event: 30.870 loading class org/gradle/execution/plan/ValuedVfsHierarchy
Event: 30.870 loading class org/gradle/execution/plan/ValuedVfsHierarchy done
Event: 30.960 Executing VM operation: CGC_Operation
Event: 31.007 Executing VM operation: CGC_Operation done
Event: 31.057 Executing VM operation: CGC_Operation
Event: 31.064 Executing VM operation: CGC_Operation done
Event: 31.125 loading class org/gradle/api/internal/artifacts/ivyservice/clientmodule/ClientModuleResolver$ClientModuleComponentResolveMetadata
Event: 31.125 loading class org/gradle/api/internal/artifacts/ivyservice/clientmodule/ClientModuleResolver$ClientModuleComponentResolveMetadata done
Event: 31.129 loading class org/gradle/api/internal/artifacts/ivyservice/clientmodule/ClientModuleResolver$ClientModuleConfigurationMetadata
Event: 31.129 loading class org/gradle/api/internal/artifacts/ivyservice/clientmodule/ClientModuleResolver$ClientModuleConfigurationMetadata done
Event: 31.134 Executing VM operation: Deoptimize
Event: 31.136 Executing VM operation: Deoptimize done
Event: 31.193 Executing VM operation: RevokeBias
Event: 31.193 Executing VM operation: RevokeBias done
Event: 31.211 Executing VM operation: RevokeBias
Event: 31.212 Executing VM operation: RevokeBias done
Event: 31.223 Executing VM operation: RevokeBias
Event: 31.224 Executing VM operation: RevokeBias done
Event: 31.307 Executing VM operation: BulkRevokeBias
Event: 31.310 Executing VM operation: BulkRevokeBias done


Dynamic libraries:
0x00007ff7e0e10000 - 0x00007ff7e0e1a000 	E:\ANDstudio\Program\jre\bin\java.exe
0x00007ff8fa810000 - 0x00007ff8faa05000 	C:\WINDOWS\SYSTEM32\ntdll.dll
0x00007ff8f8f90000 - 0x00007ff8f904e000 	C:\WINDOWS\System32\KERNEL32.DLL
0x00007ff8f8160000 - 0x00007ff8f8429000 	C:\WINDOWS\System32\KERNELBASE.dll
0x00007ff8f7fd0000 - 0x00007ff8f80d0000 	C:\WINDOWS\System32\ucrtbase.dll
0x00007ff8ee580000 - 0x00007ff8ee599000 	E:\ANDstudio\Program\jre\bin\jli.dll
0x00007ff8e7e70000 - 0x00007ff8e7e87000 	E:\ANDstudio\Program\jre\bin\VCRUNTIME140.dll
0x00007ff8f92f0000 - 0x00007ff8f9491000 	C:\WINDOWS\System32\USER32.dll
0x00007ff8f80d0000 - 0x00007ff8f80f2000 	C:\WINDOWS\System32\win32u.dll
0x00007ff8f8f50000 - 0x00007ff8f8f7b000 	C:\WINDOWS\System32\GDI32.dll
0x00007ff8f8750000 - 0x00007ff8f885b000 	C:\WINDOWS\System32\gdi32full.dll
0x00007ff8f7f30000 - 0x00007ff8f7fcd000 	C:\WINDOWS\System32\msvcp_win.dll
0x00007ff8e2b30000 - 0x00007ff8e2dca000 	C:\WINDOWS\WinSxS\amd64_microsoft.windows.common-controls_6595b64144ccf1df_6.0.19041.1110_none_60b5254171f9507e\COMCTL32.dll
0x00007ff8fa460000 - 0x00007ff8fa4fe000 	C:\WINDOWS\System32\msvcrt.dll
0x00007ff8f8ce0000 - 0x00007ff8f8d10000 	C:\WINDOWS\System32\IMM32.DLL
0x00007ff8e5a70000 - 0x00007ff8e5b0d000 	E:\ANDstudio\Program\jre\bin\msvcp140.dll
0x00007ff8a4640000 - 0x00007ff8a510f000 	E:\ANDstudio\Program\jre\bin\server\jvm.dll
0x00007ff8fa500000 - 0x00007ff8fa5ac000 	C:\WINDOWS\System32\ADVAPI32.dll
0x00007ff8f9f40000 - 0x00007ff8f9fdb000 	C:\WINDOWS\System32\sechost.dll
0x00007ff8f94a0000 - 0x00007ff8f95ca000 	C:\WINDOWS\System32\RPCRT4.dll
0x00007ff8f8f80000 - 0x00007ff8f8f88000 	C:\WINDOWS\System32\PSAPI.DLL
0x00007ff8e5750000 - 0x00007ff8e5777000 	C:\WINDOWS\SYSTEM32\WINMM.dll
0x00007ff8f0e60000 - 0x00007ff8f0e6a000 	C:\WINDOWS\SYSTEM32\VERSION.dll
0x00007ff8ee400000 - 0x00007ff8ee409000 	C:\WINDOWS\SYSTEM32\WSOCK32.dll
0x00007ff8fa5b0000 - 0x00007ff8fa61b000 	C:\WINDOWS\System32\ws2_32.DLL
0x00007ff8f67b0000 - 0x00007ff8f67c2000 	C:\WINDOWS\SYSTEM32\kernel.appcore.dll
0x00007ff8ee3a0000 - 0x00007ff8ee3b1000 	E:\ANDstudio\Program\jre\bin\verify.dll
0x00007ff8f64d0000 - 0x00007ff8f66b4000 	C:\WINDOWS\SYSTEM32\DBGHELP.DLL
0x00007ff8ddf00000 - 0x00007ff8ddf2c000 	C:\WINDOWS\SYSTEM32\dbgcore.DLL
0x00007ff8f84e0000 - 0x00007ff8f8563000 	C:\WINDOWS\System32\bcryptPrimitives.dll
0x00007ff8ee370000 - 0x00007ff8ee399000 	E:\ANDstudio\Program\jre\bin\java.dll
0x00007ff8ee240000 - 0x00007ff8ee24b000 	E:\ANDstudio\Program\jre\bin\jimage.dll
0x00007ff8e8230000 - 0x00007ff8e8248000 	E:\ANDstudio\Program\jre\bin\zip.dll
0x00007ff8f96d0000 - 0x00007ff8f9e0f000 	C:\WINDOWS\System32\SHELL32.dll
0x00007ff8f5c70000 - 0x00007ff8f6400000 	C:\WINDOWS\SYSTEM32\windows.storage.dll
0x00007ff8f9fe0000 - 0x00007ff8fa335000 	C:\WINDOWS\System32\combase.dll
0x00007ff8f7980000 - 0x00007ff8f79ac000 	C:\WINDOWS\SYSTEM32\Wldp.dll
0x00007ff8f8d70000 - 0x00007ff8f8e1d000 	C:\WINDOWS\System32\SHCORE.dll
0x00007ff8f9220000 - 0x00007ff8f9275000 	C:\WINDOWS\System32\shlwapi.dll
0x00007ff8f7e70000 - 0x00007ff8f7e8f000 	C:\WINDOWS\SYSTEM32\profapi.dll
0x00007ff8e8210000 - 0x00007ff8e822a000 	E:\ANDstudio\Program\jre\bin\net.dll
0x00007ff8e53f0000 - 0x00007ff8e54f8000 	C:\WINDOWS\SYSTEM32\WINHTTP.dll
0x00007ff8f76e0000 - 0x00007ff8f774a000 	C:\WINDOWS\system32\mswsock.dll
0x00007ff8e81f0000 - 0x00007ff8e8204000 	E:\ANDstudio\Program\jre\bin\nio.dll
0x00007ff8e6920000 - 0x00007ff8e6947000 	C:\Users\dell\.gradle\native\8bec1ad78214c89d9ad589b4d07fe93259594b29d510b10fafb7a158f7737e5d\windows-amd64\native-platform.dll
0x00007ff8a3080000 - 0x00007ff8a31bd000 	C:\Users\dell\.gradle\native\53dbd7edfb1c66fb8903c78663c9afc45aea4f116125fa6feffd364cf09443e8\windows-amd64\native-platform-file-events.dll
0x00007ff8ee150000 - 0x00007ff8ee15a000 	E:\ANDstudio\Program\jre\bin\management.dll
0x00007ff8e8170000 - 0x00007ff8e817c000 	E:\ANDstudio\Program\jre\bin\management_ext.dll
0x00007ff8f78e0000 - 0x00007ff8f78f8000 	C:\WINDOWS\SYSTEM32\CRYPTSP.dll
0x00007ff8f6ff0000 - 0x00007ff8f7024000 	C:\WINDOWS\system32\rsaenh.dll
0x00007ff8f85c0000 - 0x00007ff8f85e7000 	C:\WINDOWS\System32\bcrypt.dll
0x00007ff8f7e30000 - 0x00007ff8f7e5e000 	C:\WINDOWS\SYSTEM32\USERENV.dll
0x00007ff8f78d0000 - 0x00007ff8f78dc000 	C:\WINDOWS\SYSTEM32\CRYPTBASE.dll
0x00007ff8f7380000 - 0x00007ff8f73bb000 	C:\WINDOWS\SYSTEM32\IPHLPAPI.DLL
0x00007ff8f9210000 - 0x00007ff8f9218000 	C:\WINDOWS\System32\NSI.dll
0x00007ff8ebf30000 - 0x00007ff8ebf47000 	C:\WINDOWS\SYSTEM32\dhcpcsvc6.DLL
0x00007ff8ec000000 - 0x00007ff8ec01d000 	C:\WINDOWS\SYSTEM32\dhcpcsvc.DLL
0x00007ff8f7420000 - 0x00007ff8f74ec000 	C:\WINDOWS\SYSTEM32\DNSAPI.dll

dbghelp: loaded successfully - version: 4.0.5 - missing functions: none
symbol engine: initialized successfully - sym options: 0x614 - pdb path: .;E:\ANDstudio\Program\jre\bin;C:\WINDOWS\SYSTEM32;C:\WINDOWS\WinSxS\amd64_microsoft.windows.common-controls_6595b64144ccf1df_6.0.19041.1110_none_60b5254171f9507e;E:\ANDstudio\Program\jre\bin\server;C:\Users\dell\.gradle\native\8bec1ad78214c89d9ad589b4d07fe93259594b29d510b10fafb7a158f7737e5d\windows-amd64;C:\Users\dell\.gradle\native\53dbd7edfb1c66fb8903c78663c9afc45aea4f116125fa6feffd364cf09443e8\windows-amd64

VM Arguments:
jvm_args: --add-opens=java.base/java.util=ALL-UNNAMED --add-opens=java.base/java.lang=ALL-UNNAMED --add-opens=java.base/java.lang.invoke=ALL-UNNAMED --add-opens=java.base/java.util=ALL-UNNAMED --add-opens=java.prefs/java.util.prefs=ALL-UNNAMED --add-opens=java.prefs/java.util.prefs=ALL-UNNAMED --add-opens=java.base/java.nio.charset=ALL-UNNAMED --add-opens=java.base/java.net=ALL-UNNAMED --add-opens=java.base/java.util.concurrent.atomic=ALL-UNNAMED -Xmx2048m -Dfile.encoding=UTF-8 -Duser.country=CN -Duser.language=zh -Duser.variant 
java_command: org.gradle.launcher.daemon.bootstrap.GradleDaemon 7.0.2
java_class_path (initial): C:\Users\dell\.gradle\wrapper\dists\gradle-7.0.2-bin\857tjihv64xamwrf0h14cai3r\gradle-7.0.2\lib\gradle-launcher-7.0.2.jar
Launcher Type: SUN_STANDARD

[Global flags]
     intx CICompilerCount                          = 4                                         {product} {ergonomic}
     uint ConcGCThreads                            = 2                                         {product} {ergonomic}
     uint G1ConcRefinementThreads                  = 8                                         {product} {ergonomic}
   size_t G1HeapRegionSize                         = 1048576                                   {product} {ergonomic}
    uintx GCDrainStackTargetSize                   = 64                                        {product} {ergonomic}
   size_t InitialHeapSize                          = 65011712                                  {product} {ergonomic}
   size_t MarkStackSize                            = 4194304                                   {product} {ergonomic}
   size_t MaxHeapSize                              = 2147483648                                {product} {command line}
   size_t MaxNewSize                               = 1287651328                                {product} {ergonomic}
   size_t MinHeapDeltaBytes                        = 1048576                                   {product} {ergonomic}
    uintx NonNMethodCodeHeapSize                   = 5836300                                {pd product} {ergonomic}
    uintx NonProfiledCodeHeapSize                  = 122910970                              {pd product} {ergonomic}
    uintx ProfiledCodeHeapSize                     = 122910970                              {pd product} {ergonomic}
    uintx ReservedCodeCacheSize                    = 251658240                              {pd product} {ergonomic}
     bool SegmentedCodeCache                       = true                                      {product} {ergonomic}
     bool UseCompressedClassPointers               = true                                 {lp64_product} {ergonomic}
     bool UseCompressedOops                        = true                                 {lp64_product} {ergonomic}
     bool UseG1GC                                  = true                                      {product} {ergonomic}
     bool UseLargePagesIndividualAllocation        = false                                  {pd product} {ergonomic}

Logging:
Log output configuration:
 #0: stdout all=warning uptime,level,tags
 #1: stderr all=off uptime,level,tags

Environment Variables:
JAVA_HOME=E:\JDK2\jdk1.8.0_91
PATH=E:\VMware\VM\bin\;E:\JDK2\jdk1.8.0_91\bin;C:\ProgramData\Oracle\Java\javapath;"C:\Windows\system32;E:\JDK2\jdk1.8.0_91\bin";C:\Windows;C:\Windows\System32\Wbem;C:\Windows\System32\WindowsPowerShell\v1.0\;C:\Windows\System32\OpenSSH\;C:\Program Files\NVIDIA Corporation\NVIDIA NvDLISR;C:\Program Files\Microsoft SQL Server\Client SDK\ODBC\170\Tools\Binn\;C:\Program Files (x86)\Microsoft SQL Server\150\Tools\Binn\;C:\Program Files\Microsoft SQL Server\150\Tools\Binn\;C:\Program Files\Microsoft SQL Server\150\DTS\Binn\;C:\Program Files (x86)\MySQL\MySQL Fabric 1.5 & MySQL Utilities 1.5\;C:\Program Files (x86)\MySQL\MySQL Fabric 1.5 & MySQL Utilities 1.5\Doctrine extensions for PHP\;C:\WINDOWS\system32;C:\WINDOWS;C:\WINDOWS\System32\Wbem;C:\WINDOWS\System32\WindowsPowerShell\v1.0\;C:\WINDOWS\System32\OpenSSH\;C:\Program Files\Azure Data Studio\bin;E:\ANDstudio\SDK\platform-tools;C:\Program Files\MySQL\MySQL Server 8.0\bin;;C:\Program Files\Azure Data Studio\bin;C:\Users\dell\AppData\Local\Microsoft\WindowsApps;C:\Program Files\Azure Data Studio\bin
USERNAME=dell
OS=Windows_NT
PROCESSOR_IDENTIFIER=Intel64 Family 6 Model 126 Stepping 5, GenuineIntel



---------------  S Y S T E M  ---------------

OS: Windows 10 , 64 bit Build 19041 (10.0.19041.1202)
OS uptime: 6 days 20:31 hours

CPU:total 8 (initial active 8) (4 cores per cpu, 2 threads per core) family 6 model 126 stepping 5 microcode 0xa6, cmov, cx8, fxsr, mmx, sse, sse2, sse3, ssse3, sse4.1, sse4.2, popcnt, avx, avx2, aes, clmul, erms, 3dnowpref, lzcnt, ht, tsc, tscinvbit, bmi1, bmi2, adx, evex, sha, fma

Memory: 4k page, system-wide physical 3863M (80M free)
TotalPageFile size 14055M (AvailPageFile size 1M)
current process WorkingSet (physical memory assigned to process): 191M, peak: 255M
current process commit charge ("private bytes"): 376M, peak: 377M

vm_info: OpenJDK 64-Bit Server VM (11.0.10+0-b96-7249189) for windows-amd64 JRE (11.0.10+0-b96-7249189), built on Mar 31 2021 21:44:00 by "builder" with MS VC++ 14.0 (VS2015)

END.
