#
# There is insufficient memory for the Java Runtime Environment to continue.
# Native memory allocation (malloc) failed to allocate 1219216 bytes for Chunk::new
# Possible reasons:
#   The system is out of physical RAM or swap space
#   The process is running with CompressedOops enabled, and the Java Heap may be blocking the growth of the native heap
# Possible solutions:
#   Reduce memory load on the system
#   Increase physical memory or swap space
#   Check if swap backing store is full
#   Decrease Java heap size (-Xmx/-Xms)
#   Decrease number of Java threads
#   Decrease Java thread stack sizes (-Xss)
#   Set larger code cache with -XX:ReservedCodeCacheSize=
#   JVM is running with Unscaled Compressed Oops mode in which the Java heap is
#     placed in the first 4GB address space. The Java Heap base address is the
#     maximum limit for the native heap growth. Please use -XX:HeapBaseMinAddress
#     to set the Java Heap base and to place the Java Heap above 4GB virtual address.
# This output file may be truncated or incomplete.
#
#  Out of Memory Error (./src/hotspot/share/memory/arena.cpp:197), pid=11172, tid=22588
#
# JRE version: OpenJDK Runtime Environment (11.0.10) (build 11.0.10+0-b96-7249189)
# Java VM: OpenJDK 64-Bit Server VM (11.0.10+0-b96-7249189, mixed mode, tiered, compressed oops, g1 gc, windows-amd64)
# No core dump will be written. Minidumps are not enabled by default on client versions of Windows
#

---------------  S U M M A R Y ------------

Command Line: --add-opens=java.base/java.util=ALL-UNNAMED --add-opens=java.base/java.lang=ALL-UNNAMED --add-opens=java.base/java.lang.invoke=ALL-UNNAMED --add-opens=java.base/java.util=ALL-UNNAMED --add-opens=java.prefs/java.util.prefs=ALL-UNNAMED --add-opens=java.prefs/java.util.prefs=ALL-UNNAMED --add-opens=java.base/java.nio.charset=ALL-UNNAMED --add-opens=java.base/java.net=ALL-UNNAMED --add-opens=java.base/java.util.concurrent.atomic=ALL-UNNAMED -Xmx2048m -Dfile.encoding=UTF-8 -Duser.country=CN -Duser.language=zh -Duser.variant org.gradle.launcher.daemon.bootstrap.GradleDaemon 7.0.2

Host: Intel(R) Core(TM) i5-1035G1 CPU @ 1.00GHz, 8 cores, 3G,  Windows 10 , 64 bit Build 19041 (10.0.19041.1202)
Time: Sun Nov  7 16:14:27 2021 中国标准时间 elapsed time: 1717.956021 seconds (0d 0h 28m 37s)

---------------  T H R E A D  ---------------

Current thread (0x000001e61e301800):  JavaThread "C2 CompilerThread0" daemon [_thread_in_native, id=22588, stack(0x0000007659300000,0x0000007659400000)]


Current CompileTask:
C2:1717956 15359 %     4       com.android.tools.r8.dex.j::a @ 315 (1038 bytes)

Stack: [0x0000007659300000,0x0000007659400000]
Native frames: (J=compiled Java code, j=interpreted, Vv=VM code, C=native code)
V  [jvm.dll+0x5ecfaa]
V  [jvm.dll+0x722bd5]
V  [jvm.dll+0x72412d]
V  [jvm.dll+0x7247e3]
V  [jvm.dll+0x242928]
V  [jvm.dll+0xbc4fc]
V  [jvm.dll+0xbca0c]
V  [jvm.dll+0x2b4fd4]
V  [jvm.dll+0x506028]
V  [jvm.dll+0x203253]
V  [jvm.dll+0x1fd07c]
V  [jvm.dll+0x1fa77f]
V  [jvm.dll+0x18354c]
V  [jvm.dll+0x208ee7]
V  [jvm.dll+0x207731]
V  [jvm.dll+0x6eb1cf]
V  [jvm.dll+0x6e3d45]
V  [jvm.dll+0x5ebe96]
C  [ucrtbase.dll+0x21bb2]
C  [KERNEL32.DLL+0x17034]
C  [ntdll.dll+0x52651]


---------------  P R O C E S S  ---------------

Threads class SMR info:
_java_thread_list=0x000001e625277e00, length=78, elements={
0x000001e6036ba000, 0x000001e61e2cc000, 0x000001e61e2cd800, 0x000001e61e2fa000,
0x000001e61e2fe000, 0x000001e61e300000, 0x000001e61e301800, 0x000001e61e304800,
0x000001e61e314000, 0x000001e61ed37000, 0x000001e620292800, 0x000001e62022e000,
0x000001e61ff5b800, 0x000001e61f4b5800, 0x000001e61f4b6000, 0x000001e61f4b8000,
0x000001e61f4b8800, 0x000001e61f4b3000, 0x000001e61f4b9800, 0x000001e61f4b3800,
0x000001e622c0d800, 0x000001e622c0d000, 0x000001e622c0e800, 0x000001e622c12000,
0x000001e622c0f800, 0x000001e622c10000, 0x000001e622c17800, 0x000001e622c13800,
0x000001e6233b6800, 0x000001e6233b7800, 0x000001e6233b9000, 0x000001e6233b5000,
0x000001e6233ba000, 0x000001e6233b8800, 0x000001e6233b4000, 0x000001e6233bb000,
0x000001e6233bb800, 0x000001e6233b6000, 0x000001e6233bf800, 0x000001e6233bc800,
0x000001e6233c2000, 0x000001e6233bf000, 0x000001e6233c3000, 0x000001e6233bd000,
0x000001e6233be000, 0x000001e6233c0800, 0x000001e6233c1800, 0x000001e622c0c000,
0x000001e622c14000, 0x000001e622c15000, 0x000001e622c16800, 0x000001e622c11000,
0x000001e622c18800, 0x000001e622c19000, 0x000001e622c1a000, 0x000001e622c1b000,
0x000001e61f4b4800, 0x000001e61f4b7000, 0x000001e625110000, 0x000001e625111000,
0x000001e62510d800, 0x000001e62510c000, 0x000001e625112000, 0x000001e62510d000,
0x000001e62510e800, 0x000001e62510f800, 0x000001e621986800, 0x000001e621981000,
0x000001e621987800, 0x000001e621985000, 0x000001e621982000, 0x000001e621984000,
0x000001e621988800, 0x000001e621982800, 0x000001e621986000, 0x000001e621989000,
0x000001e621983800, 0x000001e62198f800
}

Java Threads: ( => current thread )
  0x000001e6036ba000 JavaThread "main" [_thread_blocked, id=7180, stack(0x0000007658700000,0x0000007658800000)]
  0x000001e61e2cc000 JavaThread "Reference Handler" daemon [_thread_blocked, id=11444, stack(0x0000007658e00000,0x0000007658f00000)]
  0x000001e61e2cd800 JavaThread "Finalizer" daemon [_thread_blocked, id=2920, stack(0x0000007658f00000,0x0000007659000000)]
  0x000001e61e2fa000 JavaThread "Signal Dispatcher" daemon [_thread_blocked, id=19584, stack(0x0000007659000000,0x0000007659100000)]
  0x000001e61e2fe000 JavaThread "Attach Listener" daemon [_thread_blocked, id=2100, stack(0x0000007659100000,0x0000007659200000)]
  0x000001e61e300000 JavaThread "Service Thread" daemon [_thread_blocked, id=18136, stack(0x0000007659200000,0x0000007659300000)]
=>0x000001e61e301800 JavaThread "C2 CompilerThread0" daemon [_thread_in_native, id=22588, stack(0x0000007659300000,0x0000007659400000)]
  0x000001e61e304800 JavaThread "C1 CompilerThread0" daemon [_thread_blocked, id=22356, stack(0x0000007659400000,0x0000007659500000)]
  0x000001e61e314000 JavaThread "Sweeper thread" daemon [_thread_blocked, id=12944, stack(0x0000007659500000,0x0000007659600000)]
  0x000001e61ed37000 JavaThread "Common-Cleaner" daemon [_thread_blocked, id=16400, stack(0x0000007659600000,0x0000007659700000)]
  0x000001e620292800 JavaThread "Daemon health stats" [_thread_blocked, id=17156, stack(0x0000007659900000,0x0000007659a00000)]
  0x000001e62022e000 JavaThread "Incoming local TCP Connector on port 50141" [_thread_in_native, id=14096, stack(0x0000007659a00000,0x0000007659b00000)]
  0x000001e61ff5b800 JavaThread "Daemon periodic checks" [_thread_blocked, id=19552, stack(0x0000007659b00000,0x0000007659c00000)]
  0x000001e61f4b5800 JavaThread "Cache worker for file hash cache (C:\Users\dell\.gradle\caches\7.0.2\fileHashes)" [_thread_blocked, id=23544, stack(0x000000765a900000,0x000000765aa00000)]
  0x000001e61f4b6000 JavaThread "File lock request listener" [_thread_in_native, id=20544, stack(0x000000765aa00000,0x000000765ab00000)]
  0x000001e61f4b8000 JavaThread "Cache worker for journal cache (C:\Users\dell\.gradle\caches\journal-1)" [_thread_blocked, id=22672, stack(0x000000765ac00000,0x000000765ad00000)]
  0x000001e61f4b8800 JavaThread "File watcher server" daemon [_thread_in_native, id=17596, stack(0x000000765ae00000,0x000000765af00000)]
  0x000001e61f4b3000 JavaThread "File watcher consumer" daemon [_thread_blocked, id=16832, stack(0x000000765af00000,0x000000765b000000)]
  0x000001e61f4b9800 JavaThread "jar transforms" [_thread_blocked, id=22348, stack(0x000000765b000000,0x000000765b100000)]
  0x000001e61f4b3800 JavaThread "jar transforms Thread 2" [_thread_blocked, id=16708, stack(0x000000765b100000,0x000000765b200000)]
  0x000001e622c0d800 JavaThread "jar transforms Thread 3" [_thread_blocked, id=24220, stack(0x000000765b200000,0x000000765b300000)]
  0x000001e622c0d000 JavaThread "jar transforms Thread 4" [_thread_blocked, id=16680, stack(0x000000765b300000,0x000000765b400000)]
  0x000001e622c0e800 JavaThread "jar transforms Thread 5" [_thread_blocked, id=21916, stack(0x000000765b400000,0x000000765b500000)]
  0x000001e622c12000 JavaThread "jar transforms Thread 6" [_thread_blocked, id=13964, stack(0x000000765b500000,0x000000765b600000)]
  0x000001e622c0f800 JavaThread "jar transforms Thread 7" [_thread_blocked, id=24224, stack(0x000000765b600000,0x000000765b700000)]
  0x000001e622c10000 JavaThread "jar transforms Thread 8" [_thread_blocked, id=24492, stack(0x000000765b700000,0x000000765b800000)]
  0x000001e622c17800 JavaThread "Cache worker for execution history cache (C:\Users\dell\.gradle\caches\7.0.2\executionHistory)" [_thread_blocked, id=23068, stack(0x000000765bb00000,0x000000765bc00000)]
  0x000001e622c13800 JavaThread "Cache worker for file content cache (C:\Users\dell\.gradle\caches\7.0.2\fileContent)" [_thread_blocked, id=11816, stack(0x000000765bc00000,0x000000765bd00000)]
  0x000001e6233b6800 JavaThread "Memory manager" [_thread_blocked, id=17540, stack(0x000000765c700000,0x000000765c800000)]
  0x000001e6233b7800 JavaThread "Daemon Thread 2" [_thread_blocked, id=24572, stack(0x0000007658400000,0x0000007658500000)]
  0x000001e6233b9000 JavaThread "Handler for socket connection from /127.0.0.1:50141 to /127.0.0.1:51278" [_thread_in_native, id=24520, stack(0x0000007658500000,0x0000007658600000)]
  0x000001e6233b5000 JavaThread "Cancel handler" [_thread_blocked, id=7960, stack(0x0000007658600000,0x0000007658700000)]
  0x000001e6233ba000 JavaThread "Daemon worker Thread 2" [_thread_blocked, id=13072, stack(0x0000007659c00000,0x0000007659d00000)]
  0x000001e6233b8800 JavaThread "Asynchronous log dispatcher for DefaultDaemonConnection: socket connection from /127.0.0.1:50141 to /127.0.0.1:51278" [_thread_blocked, id=10620, stack(0x0000007659d00000,0x0000007659e00000)]
  0x000001e6233b4000 JavaThread "Stdin handler" [_thread_blocked, id=15552, stack(0x0000007659e00000,0x0000007659f00000)]
  0x000001e6233bb000 JavaThread "Daemon client event forwarder" [_thread_blocked, id=23232, stack(0x0000007659f00000,0x000000765a000000)]
  0x000001e6233bb800 JavaThread "Cache worker for file hash cache (E:\ANDstudio\code\.gradle\7.0.2\fileHashes)" [_thread_blocked, id=3120, stack(0x000000765a000000,0x000000765a100000)]
  0x000001e6233b6000 JavaThread "Cache worker for checksums cache (E:\ANDstudio\code\.gradle\checksums)" [_thread_blocked, id=7284, stack(0x000000765a100000,0x000000765a200000)]
  0x000001e6233bf800 JavaThread "Cache worker for cache directory md-supplier (C:\Users\dell\.gradle\caches\7.0.2\md-supplier)" [_thread_blocked, id=18088, stack(0x000000765a200000,0x000000765a300000)]
  0x000001e6233bc800 JavaThread "Cache worker for cache directory md-rule (C:\Users\dell\.gradle\caches\7.0.2\md-rule)" [_thread_blocked, id=22444, stack(0x000000765ad00000,0x000000765ae00000)]
  0x000001e6233c2000 JavaThread "Cache worker for dependencies-accessors (E:\ANDstudio\code\.gradle\7.0.2\dependencies-accessors)" [_thread_blocked, id=6568, stack(0x000000765b800000,0x000000765b900000)]
  0x000001e6233bf000 JavaThread "Cache worker for Build Output Cleanup Cache (E:\ANDstudio\code\.gradle\buildOutputCleanup)" [_thread_blocked, id=19740, stack(0x000000765b900000,0x000000765ba00000)]
  0x000001e6233c3000 JavaThread "Build operations" [_thread_blocked, id=6612, stack(0x000000765ba00000,0x000000765bb00000)]
  0x000001e6233bd000 JavaThread "Build operations Thread 2" [_thread_blocked, id=3044, stack(0x000000765bd00000,0x000000765be00000)]
  0x000001e6233be000 JavaThread "Build operations Thread 3" [_thread_blocked, id=14892, stack(0x000000765be00000,0x000000765bf00000)]
  0x000001e6233c0800 JavaThread "Build operations Thread 4" [_thread_blocked, id=21848, stack(0x000000765bf00000,0x000000765c000000)]
  0x000001e6233c1800 JavaThread "Build operations Thread 5" [_thread_blocked, id=16500, stack(0x000000765c000000,0x000000765c100000)]
  0x000001e622c0c000 JavaThread "Build operations Thread 6" [_thread_blocked, id=10040, stack(0x000000765c100000,0x000000765c200000)]
  0x000001e622c14000 JavaThread "Build operations Thread 7" [_thread_blocked, id=22112, stack(0x000000765c200000,0x000000765c300000)]
  0x000001e622c15000 JavaThread "Build operations Thread 8" [_thread_blocked, id=22996, stack(0x000000765c300000,0x000000765c400000)]
  0x000001e622c16800 JavaThread "build event listener" [_thread_blocked, id=24456, stack(0x000000765c400000,0x000000765c500000)]
  0x000001e622c11000 JavaThread "Execution worker for ':'" [_thread_blocked, id=22548, stack(0x000000765c500000,0x000000765c600000)]
  0x000001e622c18800 JavaThread "Execution worker for ':' Thread 2" [_thread_blocked, id=16772, stack(0x000000765c600000,0x000000765c700000)]
  0x000001e622c19000 JavaThread "Execution worker for ':' Thread 3" [_thread_blocked, id=9796, stack(0x000000765c800000,0x000000765c900000)]
  0x000001e622c1a000 JavaThread "Execution worker for ':' Thread 4" [_thread_blocked, id=18268, stack(0x000000765c900000,0x000000765ca00000)]
  0x000001e622c1b000 JavaThread "Execution worker for ':' Thread 5" [_thread_blocked, id=23776, stack(0x000000765ca00000,0x000000765cb00000)]
  0x000001e61f4b4800 JavaThread "Execution worker for ':' Thread 6" [_thread_blocked, id=23760, stack(0x000000765cb00000,0x000000765cc00000)]
  0x000001e61f4b7000 JavaThread "Execution worker for ':' Thread 7" [_thread_blocked, id=17020, stack(0x000000765cc00000,0x000000765cd00000)]
  0x000001e625110000 JavaThread "Cache worker for execution history cache (E:\ANDstudio\code\.gradle\7.0.2\executionHistory)" [_thread_blocked, id=9680, stack(0x000000765cd00000,0x000000765ce00000)]
  0x000001e625111000 JavaThread "WorkerExecutor Queue" [_thread_blocked, id=18508, stack(0x000000765ce00000,0x000000765cf00000)]
  0x000001e62510d800 JavaThread "WorkerExecutor Queue Thread 2" [_thread_blocked, id=17952, stack(0x000000765cf00000,0x000000765d000000)]
  0x000001e62510c000 JavaThread "WorkerExecutor Queue Thread 3" [_thread_blocked, id=2692, stack(0x000000765d000000,0x000000765d100000)]
  0x000001e625112000 JavaThread "WorkerExecutor Queue Thread 5" [_thread_blocked, id=1356, stack(0x000000765d200000,0x000000765d300000)]
  0x000001e62510d000 JavaThread "WorkerExecutor Queue Thread 6" [_thread_in_Java, id=21212, stack(0x000000765d300000,0x000000765d400000)]
  0x000001e62510e800 JavaThread "WorkerExecutor Queue Thread 7" [_thread_blocked, id=6264, stack(0x000000765d400000,0x000000765d500000)]
  0x000001e62510f800 JavaThread "WorkerExecutor Queue Thread 8" [_thread_blocked, id=10404, stack(0x000000765d500000,0x000000765d600000)]
  0x000001e621986800 JavaThread "WorkerExecutor Queue Thread 9" [_thread_blocked, id=13468, stack(0x000000765d600000,0x000000765d700000)]
  0x000001e621981000 JavaThread "pool-4-thread-1" [_thread_blocked, id=8164, stack(0x000000765d700000,0x000000765d800000)]
  0x000001e621987800 JavaThread "stderr" [_thread_in_native, id=21472, stack(0x000000765d800000,0x000000765d900000)]
  0x000001e621985000 JavaThread "stdout" [_thread_in_native, id=22876, stack(0x000000765d900000,0x000000765da00000)]
  0x000001e621982000 JavaThread "ForkJoinPool-2-worker-3" daemon [_thread_blocked, id=16376, stack(0x000000765da00000,0x000000765db00000)]
  0x000001e621984000 JavaThread "ForkJoinPool-2-worker-5" daemon [_thread_blocked, id=2316, stack(0x000000765db00000,0x000000765dc00000)]
  0x000001e621988800 JavaThread "ForkJoinPool-2-worker-7" daemon [_thread_blocked, id=21904, stack(0x000000765dc00000,0x000000765dd00000)]
  0x000001e621982800 JavaThread "ForkJoinPool-2-worker-9" daemon [_thread_blocked, id=21988, stack(0x000000765dd00000,0x000000765de00000)]
  0x000001e621986000 JavaThread "ForkJoinPool-2-worker-11" daemon [_thread_blocked, id=20968, stack(0x000000765de00000,0x000000765df00000)]
  0x000001e621989000 JavaThread "ForkJoinPool-2-worker-13" daemon [_thread_blocked, id=12532, stack(0x000000765df00000,0x000000765e000000)]
  0x000001e621983800 JavaThread "ForkJoinPool-2-worker-1" daemon [_thread_blocked, id=12540, stack(0x000000765e000000,0x000000765e100000)]
  0x000001e62198f800 JavaThread "ForkJoinPool-2-worker-15" daemon [_thread_blocked, id=5672, stack(0x000000765e100000,0x000000765e200000)]

Other Threads:
  0x000001e61e2c8000 VMThread "VM Thread" [stack: 0x0000007658d00000,0x0000007658e00000] [id=14116]
  0x000001e61ed3a000 WatcherThread [stack: 0x0000007659700000,0x0000007659800000] [id=17004]
  0x000001e6036d3800 GCTaskThread "GC Thread#0" [stack: 0x0000007658800000,0x0000007658900000] [id=11604]
  0x000001e61eff7000 GCTaskThread "GC Thread#1" [stack: 0x0000007659800000,0x0000007659900000] [id=16896]
  0x000001e61ffdf800 GCTaskThread "GC Thread#2" [stack: 0x000000765a300000,0x000000765a400000] [id=24508]
  0x000001e620563800 GCTaskThread "GC Thread#3" [stack: 0x000000765a400000,0x000000765a500000] [id=7472]
  0x000001e620174800 GCTaskThread "GC Thread#4" [stack: 0x000000765a500000,0x000000765a600000] [id=15600]
  0x000001e620177800 GCTaskThread "GC Thread#5" [stack: 0x000000765a600000,0x000000765a700000] [id=12492]
  0x000001e61fbb3000 GCTaskThread "GC Thread#6" [stack: 0x000000765a700000,0x000000765a800000] [id=6724]
  0x000001e61fa5e800 GCTaskThread "GC Thread#7" [stack: 0x000000765a800000,0x000000765a900000] [id=1664]
  0x000001e603707800 ConcurrentGCThread "G1 Main Marker" [stack: 0x0000007658900000,0x0000007658a00000] [id=22572]
  0x000001e603709000 ConcurrentGCThread "G1 Conc#0" [stack: 0x0000007658a00000,0x0000007658b00000] [id=23928]
  0x000001e61fb6b000 ConcurrentGCThread "G1 Conc#1" [stack: 0x000000765ab00000,0x000000765ac00000] [id=24300]
  0x000001e603775800 ConcurrentGCThread "G1 Refine#0" [stack: 0x0000007658b00000,0x0000007658c00000] [id=23316]
  0x000001e6254d7800 ConcurrentGCThread "G1 Refine#1" [stack: 0x000000765d100000,0x000000765d200000] [id=8436]
  0x000001e629bf5000 ConcurrentGCThread "G1 Refine#2" [stack: 0x000000765e200000,0x000000765e300000] [id=11248]
  0x000001e629f2b000 ConcurrentGCThread "G1 Refine#3" [stack: 0x000000765e300000,0x000000765e400000] [id=3272]
  0x000001e621737000 ConcurrentGCThread "G1 Refine#4" [stack: 0x000000765e400000,0x000000765e500000] [id=23004]
  0x000001e603776800 ConcurrentGCThread "G1 Young RemSet Sampling" [stack: 0x0000007658c00000,0x0000007658d00000] [id=12712]

Threads with active compile tasks:
C2 CompilerThread01718031 15359 %     4       com.android.tools.r8.dex.j::a @ 315 (1038 bytes)

VM state:not at safepoint (normal execution)

VM Mutex/Monitor currently owned by a thread: None

Heap address: 0x0000000080000000, size: 2048 MB, Compressed Oops mode: 32-bit
Narrow klass base: 0x0000000000000000, Narrow klass shift: 3
Compressed class space size: 1073741824 Address: 0x0000000100000000

Heap:
 garbage-first heap   total 204800K, used 144782K [0x0000000080000000, 0x0000000100000000)
  region size 1024K, 9 young (9216K), 3 survivors (3072K)
 Metaspace       used 119047K, capacity 122343K, committed 122496K, reserved 1155072K
  class space    used 15416K, capacity 16645K, committed 16768K, reserved 1048576K
Heap Regions: E=young(eden), S=young(survivor), O=old, HS=humongous(starts), HC=humongous(continues), CS=collection set, F=free, A=archive, TAMS=top-at-mark-start (previous, next)
|   0|0x0000000080000000, 0x0000000080100000, 0x0000000080100000|100%| O|  |TAMS 0x0000000080100000, 0x0000000080000000| Untracked 
|   1|0x0000000080100000, 0x0000000080200000, 0x0000000080200000|100%| O|  |TAMS 0x0000000080200000, 0x0000000080100000| Untracked 
|   2|0x0000000080200000, 0x0000000080300000, 0x0000000080300000|100%| O|  |TAMS 0x0000000080300000, 0x0000000080200000| Untracked 
|   3|0x0000000080300000, 0x0000000080400000, 0x0000000080400000|100%|HS|  |TAMS 0x0000000080400000, 0x0000000080300000| Complete 
|   4|0x0000000080400000, 0x0000000080500000, 0x0000000080500000|100%|HC|  |TAMS 0x0000000080500000, 0x0000000080400000| Complete 
|   5|0x0000000080500000, 0x0000000080600000, 0x0000000080600000|100%|HC|  |TAMS 0x0000000080600000, 0x0000000080500000| Complete 
|   6|0x0000000080600000, 0x0000000080700000, 0x0000000080700000|100%| O|  |TAMS 0x0000000080700000, 0x0000000080600000| Untracked 
|   7|0x0000000080700000, 0x0000000080800000, 0x0000000080800000|100%| O|  |TAMS 0x0000000080800000, 0x0000000080700000| Untracked 
|   8|0x0000000080800000, 0x0000000080900000, 0x0000000080900000|100%| O|  |TAMS 0x0000000080900000, 0x0000000080800000| Untracked 
|   9|0x0000000080900000, 0x0000000080a00000, 0x0000000080a00000|100%| O|  |TAMS 0x0000000080a00000, 0x0000000080900000| Untracked 
|  10|0x0000000080a00000, 0x0000000080b00000, 0x0000000080b00000|100%| O|  |TAMS 0x0000000080b00000, 0x0000000080a00000| Complete 
|  11|0x0000000080b00000, 0x0000000080c00000, 0x0000000080c00000|100%| O|  |TAMS 0x0000000080c00000, 0x0000000080b00000| Untracked 
|  12|0x0000000080c00000, 0x0000000080d00000, 0x0000000080d00000|100%| O|  |TAMS 0x0000000080d00000, 0x0000000080c00000| Complete 
|  13|0x0000000080d00000, 0x0000000080e00000, 0x0000000080e00000|100%| O|  |TAMS 0x0000000080e00000, 0x0000000080d00000| Untracked 
|  14|0x0000000080e00000, 0x0000000080f00000, 0x0000000080f00000|100%| O|  |TAMS 0x0000000080f00000, 0x0000000080e00000| Untracked 
|  15|0x0000000080f00000, 0x0000000081000000, 0x0000000081000000|100%| O|  |TAMS 0x0000000081000000, 0x0000000080f00000| Complete 
|  16|0x0000000081000000, 0x0000000081100000, 0x0000000081100000|100%| O|  |TAMS 0x0000000081100000, 0x0000000081000000| Untracked 
|  17|0x0000000081100000, 0x0000000081200000, 0x0000000081200000|100%|HS|  |TAMS 0x0000000081200000, 0x0000000081100000| Complete 
|  18|0x0000000081200000, 0x0000000081300000, 0x0000000081300000|100%|HC|  |TAMS 0x0000000081300000, 0x0000000081200000| Complete 
|  19|0x0000000081300000, 0x0000000081400000, 0x0000000081400000|100%|HS|  |TAMS 0x0000000081400000, 0x0000000081300000| Complete 
|  20|0x0000000081400000, 0x0000000081500000, 0x0000000081500000|100%|HC|  |TAMS 0x0000000081500000, 0x0000000081400000| Complete 
|  21|0x0000000081500000, 0x0000000081600000, 0x0000000081600000|100%|HC|  |TAMS 0x0000000081600000, 0x0000000081500000| Complete 
|  22|0x0000000081600000, 0x0000000081700000, 0x0000000081700000|100%|HS|  |TAMS 0x0000000081700000, 0x0000000081600000| Complete 
|  23|0x0000000081700000, 0x0000000081800000, 0x0000000081800000|100%|HC|  |TAMS 0x0000000081800000, 0x0000000081700000| Complete 
|  24|0x0000000081800000, 0x0000000081900000, 0x0000000081900000|100%|HC|  |TAMS 0x0000000081900000, 0x0000000081800000| Complete 
|  25|0x0000000081900000, 0x0000000081a00000, 0x0000000081a00000|100%|HC|  |TAMS 0x0000000081a00000, 0x0000000081900000| Complete 
|  26|0x0000000081a00000, 0x0000000081b00000, 0x0000000081b00000|100%|HC|  |TAMS 0x0000000081b00000, 0x0000000081a00000| Complete 
|  27|0x0000000081b00000, 0x0000000081c00000, 0x0000000081c00000|100%| O|  |TAMS 0x0000000081c00000, 0x0000000081b00000| Complete 
|  28|0x0000000081c00000, 0x0000000081d00000, 0x0000000081d00000|100%| O|  |TAMS 0x0000000081d00000, 0x0000000081c00000| Complete 
|  29|0x0000000081d00000, 0x0000000081e00000, 0x0000000081e00000|100%| O|  |TAMS 0x0000000081e00000, 0x0000000081d00000| Untracked 
|  30|0x0000000081e00000, 0x0000000081f00000, 0x0000000081f00000|100%| O|  |TAMS 0x0000000081f00000, 0x0000000081e00000| Untracked 
|  31|0x0000000081f00000, 0x0000000082000000, 0x0000000082000000|100%| O|  |TAMS 0x0000000082000000, 0x0000000081f00000| Untracked 
|  32|0x0000000082000000, 0x0000000082100000, 0x0000000082100000|100%| O|  |TAMS 0x0000000082100000, 0x0000000082000000| Complete 
|  33|0x0000000082100000, 0x0000000082200000, 0x0000000082200000|100%| O|  |TAMS 0x0000000082200000, 0x0000000082100000| Untracked 
|  34|0x0000000082200000, 0x0000000082300000, 0x0000000082300000|100%| O|  |TAMS 0x0000000082300000, 0x0000000082200000| Untracked 
|  35|0x0000000082300000, 0x0000000082400000, 0x0000000082400000|100%| O|  |TAMS 0x0000000082400000, 0x0000000082300000| Complete 
|  36|0x0000000082400000, 0x0000000082500000, 0x0000000082500000|100%| O|  |TAMS 0x0000000082500000, 0x0000000082400000| Complete 
|  37|0x0000000082500000, 0x0000000082600000, 0x0000000082600000|100%| O|  |TAMS 0x0000000082600000, 0x0000000082500000| Complete 
|  38|0x0000000082600000, 0x0000000082700000, 0x0000000082700000|100%| O|  |TAMS 0x0000000082700000, 0x0000000082600000| Complete 
|  39|0x0000000082700000, 0x0000000082800000, 0x0000000082800000|100%| O|  |TAMS 0x0000000082800000, 0x0000000082700000| Untracked 
|  40|0x0000000082800000, 0x0000000082900000, 0x0000000082900000|100%| O|  |TAMS 0x0000000082900000, 0x0000000082800000| Untracked 
|  41|0x0000000082900000, 0x0000000082a00000, 0x0000000082a00000|100%| O|  |TAMS 0x0000000082a00000, 0x0000000082900000| Untracked 
|  42|0x0000000082a00000, 0x0000000082b00000, 0x0000000082b00000|100%|HS|  |TAMS 0x0000000082b00000, 0x0000000082a00000| Complete 
|  43|0x0000000082b00000, 0x0000000082c00000, 0x0000000082c00000|100%|HC|  |TAMS 0x0000000082c00000, 0x0000000082b00000| Complete 
|  44|0x0000000082c00000, 0x0000000082d00000, 0x0000000082d00000|100%|HC|  |TAMS 0x0000000082d00000, 0x0000000082c00000| Complete 
|  45|0x0000000082d00000, 0x0000000082e00000, 0x0000000082e00000|100%|HC|  |TAMS 0x0000000082e00000, 0x0000000082d00000| Complete 
|  46|0x0000000082e00000, 0x0000000082f00000, 0x0000000082f00000|100%|HC|  |TAMS 0x0000000082f00000, 0x0000000082e00000| Complete 
|  47|0x0000000082f00000, 0x0000000083000000, 0x0000000083000000|100%|HS|  |TAMS 0x0000000083000000, 0x0000000082f00000| Complete 
|  48|0x0000000083000000, 0x0000000083100000, 0x0000000083100000|100%|HC|  |TAMS 0x0000000083100000, 0x0000000083000000| Complete 
|  49|0x0000000083100000, 0x0000000083200000, 0x0000000083200000|100%|HC|  |TAMS 0x0000000083200000, 0x0000000083100000| Complete 
|  50|0x0000000083200000, 0x0000000083300000, 0x0000000083300000|100%| O|  |TAMS 0x0000000083300000, 0x0000000083200000| Untracked 
|  51|0x0000000083300000, 0x0000000083400000, 0x0000000083400000|100%| O|  |TAMS 0x0000000083400000, 0x0000000083300000| Complete 
|  52|0x0000000083400000, 0x0000000083500000, 0x0000000083500000|100%| O|  |TAMS 0x0000000083500000, 0x0000000083400000| Untracked 
|  53|0x0000000083500000, 0x0000000083600000, 0x0000000083600000|100%| O|  |TAMS 0x0000000083600000, 0x0000000083500000| Complete 
|  54|0x0000000083600000, 0x0000000083700000, 0x0000000083700000|100%| O|  |TAMS 0x0000000083700000, 0x0000000083600000| Complete 
|  55|0x0000000083700000, 0x0000000083800000, 0x0000000083800000|100%|HS|  |TAMS 0x0000000083800000, 0x0000000083700000| Complete 
|  56|0x0000000083800000, 0x0000000083900000, 0x0000000083900000|100%|HS|  |TAMS 0x0000000083900000, 0x0000000083800000| Complete 
|  57|0x0000000083900000, 0x0000000083a00000, 0x0000000083a00000|100%|HS|  |TAMS 0x0000000083a00000, 0x0000000083900000| Complete 
|  58|0x0000000083a00000, 0x0000000083b00000, 0x0000000083b00000|100%|HC|  |TAMS 0x0000000083b00000, 0x0000000083a00000| Complete 
|  59|0x0000000083b00000, 0x0000000083c00000, 0x0000000083c00000|100%| O|  |TAMS 0x0000000083c00000, 0x0000000083b00000| Untracked 
|  60|0x0000000083c00000, 0x0000000083d00000, 0x0000000083d00000|100%| O|  |TAMS 0x0000000083d00000, 0x0000000083c00000| Untracked 
|  61|0x0000000083d00000, 0x0000000083e00000, 0x0000000083e00000|100%| O|  |TAMS 0x0000000083e00000, 0x0000000083d00000| Complete 
|  62|0x0000000083e00000, 0x0000000083f00000, 0x0000000083f00000|100%| O|  |TAMS 0x0000000083f00000, 0x0000000083e00000| Complete 
|  63|0x0000000083f00000, 0x0000000084000000, 0x0000000084000000|100%| O|  |TAMS 0x0000000084000000, 0x0000000083f00000| Complete 
|  64|0x0000000084000000, 0x0000000084100000, 0x0000000084100000|100%| O|  |TAMS 0x0000000084100000, 0x0000000084000000| Untracked 
|  65|0x0000000084100000, 0x0000000084200000, 0x0000000084200000|100%| O|  |TAMS 0x0000000084200000, 0x0000000084100000| Untracked 
|  66|0x0000000084200000, 0x0000000084300000, 0x0000000084300000|100%| O|  |TAMS 0x0000000084300000, 0x0000000084200000| Untracked 
|  67|0x0000000084300000, 0x0000000084400000, 0x0000000084400000|100%| O|  |TAMS 0x0000000084400000, 0x0000000084300000| Complete 
|  68|0x0000000084400000, 0x0000000084500000, 0x0000000084500000|100%| O|  |TAMS 0x0000000084500000, 0x0000000084400000| Complete 
|  69|0x0000000084500000, 0x0000000084600000, 0x0000000084600000|100%| O|  |TAMS 0x0000000084600000, 0x0000000084500000| Untracked 
|  70|0x0000000084600000, 0x0000000084700000, 0x0000000084700000|100%| O|  |TAMS 0x0000000084700000, 0x0000000084600000| Untracked 
|  71|0x0000000084700000, 0x0000000084800000, 0x0000000084800000|100%| O|  |TAMS 0x0000000084800000, 0x0000000084700000| Untracked 
|  72|0x0000000084800000, 0x0000000084900000, 0x0000000084900000|100%| O|  |TAMS 0x0000000084900000, 0x0000000084800000| Untracked 
|  73|0x0000000084900000, 0x0000000084a00000, 0x0000000084a00000|100%| O|  |TAMS 0x0000000084a00000, 0x0000000084900000| Untracked 
|  74|0x0000000084a00000, 0x0000000084b00000, 0x0000000084b00000|100%| O|  |TAMS 0x0000000084b00000, 0x0000000084a00000| Complete 
|  75|0x0000000084b00000, 0x0000000084c00000, 0x0000000084c00000|100%| O|  |TAMS 0x0000000084c00000, 0x0000000084b00000| Complete 
|  76|0x0000000084c00000, 0x0000000084d00000, 0x0000000084d00000|100%| O|  |TAMS 0x0000000084d00000, 0x0000000084c00000| Untracked 
|  77|0x0000000084d00000, 0x0000000084e00000, 0x0000000084e00000|100%| O|  |TAMS 0x0000000084e00000, 0x0000000084d00000| Untracked 
|  78|0x0000000084e00000, 0x0000000084f00000, 0x0000000084f00000|100%| O|  |TAMS 0x0000000084f00000, 0x0000000084e00000| Untracked 
|  79|0x0000000084f00000, 0x0000000085000000, 0x0000000085000000|100%| O|  |TAMS 0x0000000085000000, 0x0000000084f00000| Complete 
|  80|0x0000000085000000, 0x0000000085100000, 0x0000000085100000|100%| O|  |TAMS 0x0000000085100000, 0x0000000085000000| Complete 
|  81|0x0000000085100000, 0x0000000085200000, 0x0000000085200000|100%| O|  |TAMS 0x0000000085200000, 0x0000000085100000| Complete 
|  82|0x0000000085200000, 0x0000000085300000, 0x0000000085300000|100%| O|  |TAMS 0x0000000085300000, 0x0000000085200000| Untracked 
|  83|0x0000000085300000, 0x0000000085400000, 0x0000000085400000|100%| O|  |TAMS 0x0000000085400000, 0x0000000085300000| Untracked 
|  84|0x0000000085400000, 0x0000000085500000, 0x0000000085500000|100%| O|  |TAMS 0x0000000085500000, 0x0000000085400000| Complete 
|  85|0x0000000085500000, 0x0000000085600000, 0x0000000085600000|100%| O|  |TAMS 0x0000000085600000, 0x0000000085500000| Complete 
|  86|0x0000000085600000, 0x0000000085700000, 0x0000000085700000|100%| O|  |TAMS 0x0000000085700000, 0x0000000085600000| Untracked 
|  87|0x0000000085700000, 0x0000000085800000, 0x0000000085800000|100%| O|  |TAMS 0x0000000085800000, 0x0000000085700000| Untracked 
|  88|0x0000000085800000, 0x0000000085900000, 0x0000000085900000|100%| O|  |TAMS 0x0000000085900000, 0x0000000085800000| Untracked 
|  89|0x0000000085900000, 0x0000000085a00000, 0x0000000085a00000|100%| O|  |TAMS 0x0000000085a00000, 0x0000000085900000| Complete 
|  90|0x0000000085a00000, 0x0000000085b00000, 0x0000000085b00000|100%| O|  |TAMS 0x0000000085b00000, 0x0000000085a00000| Complete 
|  91|0x0000000085b00000, 0x0000000085c00000, 0x0000000085c00000|100%| O|  |TAMS 0x0000000085c00000, 0x0000000085b00000| Complete 
|  92|0x0000000085c00000, 0x0000000085d00000, 0x0000000085d00000|100%| O|  |TAMS 0x0000000085d00000, 0x0000000085c00000| Complete 
|  93|0x0000000085d00000, 0x0000000085e00000, 0x0000000085e00000|100%| O|  |TAMS 0x0000000085e00000, 0x0000000085d00000| Untracked 
|  94|0x0000000085e00000, 0x0000000085f00000, 0x0000000085f00000|100%| O|  |TAMS 0x0000000085f00000, 0x0000000085e00000| Untracked 
|  95|0x0000000085f00000, 0x0000000086000000, 0x0000000086000000|100%| O|  |TAMS 0x0000000086000000, 0x0000000085f00000| Complete 
|  96|0x0000000086000000, 0x0000000086100000, 0x0000000086100000|100%| O|  |TAMS 0x0000000086100000, 0x0000000086000000| Complete 
|  97|0x0000000086100000, 0x0000000086200000, 0x0000000086200000|100%| O|  |TAMS 0x0000000086200000, 0x0000000086100000| Complete 
|  98|0x0000000086200000, 0x0000000086300000, 0x0000000086300000|100%| O|  |TAMS 0x0000000086300000, 0x0000000086200000| Complete 
|  99|0x0000000086300000, 0x0000000086400000, 0x0000000086400000|100%| O|  |TAMS 0x0000000086400000, 0x0000000086300000| Untracked 
| 100|0x0000000086400000, 0x0000000086500000, 0x0000000086500000|100%| O|  |TAMS 0x0000000086500000, 0x0000000086400000| Untracked 
| 101|0x0000000086500000, 0x0000000086600000, 0x0000000086600000|100%| O|  |TAMS 0x0000000086600000, 0x0000000086500000| Untracked 
| 102|0x0000000086600000, 0x0000000086700000, 0x0000000086700000|100%| O|  |TAMS 0x0000000086700000, 0x0000000086600000| Untracked 
| 103|0x0000000086700000, 0x0000000086800000, 0x0000000086800000|100%| O|  |TAMS 0x0000000086800000, 0x0000000086700000| Untracked 
| 104|0x0000000086800000, 0x0000000086900000, 0x0000000086900000|100%| O|  |TAMS 0x0000000086900000, 0x0000000086800000| Untracked 
| 105|0x0000000086900000, 0x0000000086a00000, 0x0000000086a00000|100%| O|  |TAMS 0x0000000086a00000, 0x0000000086900000| Complete 
| 106|0x0000000086a00000, 0x0000000086b00000, 0x0000000086b00000|100%| O|  |TAMS 0x0000000086b00000, 0x0000000086a00000| Untracked 
| 107|0x0000000086b00000, 0x0000000086c00000, 0x0000000086c00000|100%|HS|  |TAMS 0x0000000086c00000, 0x0000000086b00000| Complete 
| 108|0x0000000086c00000, 0x0000000086d00000, 0x0000000086d00000|100%|HS|  |TAMS 0x0000000086d00000, 0x0000000086c00000| Complete 
| 109|0x0000000086d00000, 0x0000000086e00000, 0x0000000086e00000|100%| O|  |TAMS 0x0000000086e00000, 0x0000000086d00000| Untracked 
| 110|0x0000000086e00000, 0x0000000086f00000, 0x0000000086f00000|100%| O|  |TAMS 0x0000000086f00000, 0x0000000086e00000| Untracked 
| 111|0x0000000086f00000, 0x0000000087000000, 0x0000000087000000|100%| O|  |TAMS 0x0000000087000000, 0x0000000086f00000| Untracked 
| 112|0x0000000087000000, 0x0000000087100000, 0x0000000087100000|100%| O|  |TAMS 0x0000000087100000, 0x0000000087000000| Untracked 
| 113|0x0000000087100000, 0x0000000087200000, 0x0000000087200000|100%| O|  |TAMS 0x0000000087200000, 0x0000000087100000| Untracked 
| 114|0x0000000087200000, 0x0000000087300000, 0x0000000087300000|100%| O|  |TAMS 0x0000000087300000, 0x0000000087200000| Untracked 
| 115|0x0000000087300000, 0x0000000087400000, 0x0000000087400000|100%| O|  |TAMS 0x0000000087400000, 0x0000000087300000| Untracked 
| 116|0x0000000087400000, 0x0000000087500000, 0x0000000087500000|100%| O|  |TAMS 0x0000000087500000, 0x0000000087400000| Untracked 
| 117|0x0000000087500000, 0x0000000087600000, 0x0000000087600000|100%| O|  |TAMS 0x0000000087600000, 0x0000000087500000| Untracked 
| 118|0x0000000087600000, 0x0000000087700000, 0x0000000087700000|100%| O|  |TAMS 0x0000000087700000, 0x0000000087600000| Untracked 
| 119|0x0000000087700000, 0x0000000087800000, 0x0000000087800000|100%| O|  |TAMS 0x0000000087800000, 0x0000000087700000| Untracked 
| 120|0x0000000087800000, 0x0000000087900000, 0x0000000087900000|100%| O|  |TAMS 0x0000000087900000, 0x0000000087800000| Untracked 
| 121|0x0000000087900000, 0x0000000087a00000, 0x0000000087a00000|100%| O|  |TAMS 0x0000000087a00000, 0x0000000087900000| Untracked 
| 122|0x0000000087a00000, 0x0000000087b00000, 0x0000000087b00000|100%| O|  |TAMS 0x0000000087b00000, 0x0000000087a00000| Untracked 
| 123|0x0000000087b00000, 0x0000000087c00000, 0x0000000087c00000|100%| O|  |TAMS 0x0000000087c00000, 0x0000000087b00000| Untracked 
| 124|0x0000000087c00000, 0x0000000087d00000, 0x0000000087d00000|100%| O|  |TAMS 0x0000000087d00000, 0x0000000087c00000| Untracked 
| 125|0x0000000087d00000, 0x0000000087e00000, 0x0000000087e00000|100%| O|  |TAMS 0x0000000087e00000, 0x0000000087d00000| Untracked 
| 126|0x0000000087e00000, 0x0000000087f00000, 0x0000000087f00000|100%| O|  |TAMS 0x0000000087f00000, 0x0000000087e00000| Untracked 
| 127|0x0000000087f00000, 0x0000000088000000, 0x0000000088000000|100%| O|  |TAMS 0x0000000088000000, 0x0000000087f00000| Untracked 
| 128|0x0000000088000000, 0x0000000088100000, 0x0000000088100000|100%| O|  |TAMS 0x0000000088100000, 0x0000000088000000| Untracked 
| 129|0x0000000088100000, 0x0000000088200000, 0x0000000088200000|100%| O|  |TAMS 0x0000000088200000, 0x0000000088100000| Untracked 
| 130|0x0000000088200000, 0x0000000088300000, 0x0000000088300000|100%| O|  |TAMS 0x0000000088300000, 0x0000000088200000| Untracked 
| 131|0x0000000088300000, 0x0000000088400000, 0x0000000088400000|100%| O|  |TAMS 0x0000000088400000, 0x0000000088300000| Untracked 
| 132|0x0000000088400000, 0x0000000088500000, 0x0000000088500000|100%| O|  |TAMS 0x0000000088500000, 0x0000000088400000| Complete 
| 133|0x0000000088500000, 0x0000000088600000, 0x0000000088600000|100%| O|  |TAMS 0x0000000088600000, 0x0000000088500000| Complete 
| 134|0x0000000088600000, 0x000000008868aa00, 0x0000000088700000| 54%| O|  |TAMS 0x000000008868aa00, 0x0000000088600000| Untracked 
| 135|0x0000000088700000, 0x0000000088700000, 0x0000000088800000|  0%| F|  |TAMS 0x0000000088700000, 0x0000000088700000| Untracked 
| 136|0x0000000088800000, 0x0000000088800000, 0x0000000088900000|  0%| F|  |TAMS 0x0000000088800000, 0x0000000088800000| Untracked 
| 137|0x0000000088900000, 0x0000000088900000, 0x0000000088a00000|  0%| F|  |TAMS 0x0000000088900000, 0x0000000088900000| Untracked 
| 138|0x0000000088a00000, 0x0000000088a00000, 0x0000000088b00000|  0%| F|  |TAMS 0x0000000088a00000, 0x0000000088a00000| Untracked 
| 139|0x0000000088b00000, 0x0000000088b00000, 0x0000000088c00000|  0%| F|  |TAMS 0x0000000088b00000, 0x0000000088b00000| Untracked 
| 140|0x0000000088c00000, 0x0000000088c00000, 0x0000000088d00000|  0%| F|  |TAMS 0x0000000088c00000, 0x0000000088c00000| Untracked 
| 141|0x0000000088d00000, 0x0000000088d00000, 0x0000000088e00000|  0%| F|  |TAMS 0x0000000088d00000, 0x0000000088d00000| Untracked 
| 142|0x0000000088e00000, 0x0000000088e00000, 0x0000000088f00000|  0%| F|  |TAMS 0x0000000088e00000, 0x0000000088e00000| Untracked 
| 143|0x0000000088f00000, 0x0000000088f00000, 0x0000000089000000|  0%| F|  |TAMS 0x0000000088f00000, 0x0000000088f00000| Untracked 
| 144|0x0000000089000000, 0x0000000089000000, 0x0000000089100000|  0%| F|  |TAMS 0x0000000089000000, 0x0000000089000000| Untracked 
| 145|0x0000000089100000, 0x0000000089100000, 0x0000000089200000|  0%| F|  |TAMS 0x0000000089100000, 0x0000000089100000| Untracked 
| 146|0x0000000089200000, 0x0000000089200000, 0x0000000089300000|  0%| F|  |TAMS 0x0000000089200000, 0x0000000089200000| Untracked 
| 147|0x0000000089300000, 0x0000000089300000, 0x0000000089400000|  0%| F|  |TAMS 0x0000000089300000, 0x0000000089300000| Untracked 
| 148|0x0000000089400000, 0x0000000089400000, 0x0000000089500000|  0%| F|  |TAMS 0x0000000089400000, 0x0000000089400000| Untracked 
| 149|0x0000000089500000, 0x0000000089500000, 0x0000000089600000|  0%| F|  |TAMS 0x0000000089500000, 0x0000000089500000| Untracked 
| 150|0x0000000089600000, 0x0000000089600000, 0x0000000089700000|  0%| F|  |TAMS 0x0000000089600000, 0x0000000089600000| Untracked 
| 151|0x0000000089700000, 0x0000000089700000, 0x0000000089800000|  0%| F|  |TAMS 0x0000000089700000, 0x0000000089700000| Untracked 
| 152|0x0000000089800000, 0x0000000089800000, 0x0000000089900000|  0%| F|  |TAMS 0x0000000089800000, 0x0000000089800000| Untracked 
| 153|0x0000000089900000, 0x0000000089900000, 0x0000000089a00000|  0%| F|  |TAMS 0x0000000089900000, 0x0000000089900000| Untracked 
| 154|0x0000000089a00000, 0x0000000089a00000, 0x0000000089b00000|  0%| F|  |TAMS 0x0000000089a00000, 0x0000000089a00000| Untracked 
| 155|0x0000000089b00000, 0x0000000089b00000, 0x0000000089c00000|  0%| F|  |TAMS 0x0000000089b00000, 0x0000000089b00000| Untracked 
| 156|0x0000000089c00000, 0x0000000089c00000, 0x0000000089d00000|  0%| F|  |TAMS 0x0000000089c00000, 0x0000000089c00000| Untracked 
| 157|0x0000000089d00000, 0x0000000089d00000, 0x0000000089e00000|  0%| F|  |TAMS 0x0000000089d00000, 0x0000000089d00000| Untracked 
| 158|0x0000000089e00000, 0x0000000089e00000, 0x0000000089f00000|  0%| F|  |TAMS 0x0000000089e00000, 0x0000000089e00000| Untracked 
| 159|0x0000000089f00000, 0x0000000089f00000, 0x000000008a000000|  0%| F|  |TAMS 0x0000000089f00000, 0x0000000089f00000| Untracked 
| 160|0x000000008a000000, 0x000000008a000000, 0x000000008a100000|  0%| F|  |TAMS 0x000000008a000000, 0x000000008a000000| Untracked 
| 161|0x000000008a100000, 0x000000008a100000, 0x000000008a200000|  0%| F|  |TAMS 0x000000008a100000, 0x000000008a100000| Untracked 
| 162|0x000000008a200000, 0x000000008a200000, 0x000000008a300000|  0%| F|  |TAMS 0x000000008a200000, 0x000000008a200000| Untracked 
| 163|0x000000008a300000, 0x000000008a300000, 0x000000008a400000|  0%| F|  |TAMS 0x000000008a300000, 0x000000008a300000| Untracked 
| 164|0x000000008a400000, 0x000000008a400000, 0x000000008a500000|  0%| F|  |TAMS 0x000000008a400000, 0x000000008a400000| Untracked 
| 165|0x000000008a500000, 0x000000008a500000, 0x000000008a600000|  0%| F|  |TAMS 0x000000008a500000, 0x000000008a500000| Untracked 
| 166|0x000000008a600000, 0x000000008a600000, 0x000000008a700000|  0%| F|  |TAMS 0x000000008a600000, 0x000000008a600000| Untracked 
| 167|0x000000008a700000, 0x000000008a700000, 0x000000008a800000|  0%| F|  |TAMS 0x000000008a700000, 0x000000008a700000| Untracked 
| 168|0x000000008a800000, 0x000000008a800000, 0x000000008a900000|  0%| F|  |TAMS 0x000000008a800000, 0x000000008a800000| Untracked 
| 169|0x000000008a900000, 0x000000008a900000, 0x000000008aa00000|  0%| F|  |TAMS 0x000000008a900000, 0x000000008a900000| Untracked 
| 170|0x000000008aa00000, 0x000000008aa00000, 0x000000008ab00000|  0%| F|  |TAMS 0x000000008aa00000, 0x000000008aa00000| Untracked 
| 171|0x000000008ab00000, 0x000000008ab00000, 0x000000008ac00000|  0%| F|  |TAMS 0x000000008ab00000, 0x000000008ab00000| Untracked 
| 172|0x000000008ac00000, 0x000000008ac00000, 0x000000008ad00000|  0%| F|  |TAMS 0x000000008ac00000, 0x000000008ac00000| Untracked 
| 173|0x000000008ad00000, 0x000000008ad00000, 0x000000008ae00000|  0%| F|  |TAMS 0x000000008ad00000, 0x000000008ad00000| Untracked 
| 174|0x000000008ae00000, 0x000000008ae00000, 0x000000008af00000|  0%| F|  |TAMS 0x000000008ae00000, 0x000000008ae00000| Untracked 
| 175|0x000000008af00000, 0x000000008af00000, 0x000000008b000000|  0%| F|  |TAMS 0x000000008af00000, 0x000000008af00000| Untracked 
| 176|0x000000008b000000, 0x000000008b0d8f30, 0x000000008b100000| 84%| S|CS|TAMS 0x000000008b000000, 0x000000008b000000| Complete 
| 177|0x000000008b100000, 0x000000008b200000, 0x000000008b200000|100%| S|CS|TAMS 0x000000008b100000, 0x000000008b100000| Complete 
| 178|0x000000008b200000, 0x000000008b300000, 0x000000008b300000|100%| S|CS|TAMS 0x000000008b200000, 0x000000008b200000| Complete 
| 179|0x000000008b300000, 0x000000008b300000, 0x000000008b400000|  0%| F|  |TAMS 0x000000008b300000, 0x000000008b300000| Untracked 
| 180|0x000000008b400000, 0x000000008b400000, 0x000000008b500000|  0%| F|  |TAMS 0x000000008b400000, 0x000000008b400000| Untracked 
| 181|0x000000008b500000, 0x000000008b500000, 0x000000008b600000|  0%| F|  |TAMS 0x000000008b500000, 0x000000008b500000| Untracked 
| 182|0x000000008b600000, 0x000000008b600000, 0x000000008b700000|  0%| F|  |TAMS 0x000000008b600000, 0x000000008b600000| Untracked 
| 183|0x000000008b700000, 0x000000008b700000, 0x000000008b800000|  0%| F|  |TAMS 0x000000008b700000, 0x000000008b700000| Untracked 
| 184|0x000000008b800000, 0x000000008b800000, 0x000000008b900000|  0%| F|  |TAMS 0x000000008b800000, 0x000000008b800000| Untracked 
| 185|0x000000008b900000, 0x000000008b900000, 0x000000008ba00000|  0%| F|  |TAMS 0x000000008b900000, 0x000000008b900000| Untracked 
| 186|0x000000008ba00000, 0x000000008ba00000, 0x000000008bb00000|  0%| F|  |TAMS 0x000000008ba00000, 0x000000008ba00000| Untracked 
| 187|0x000000008bb00000, 0x000000008bb00000, 0x000000008bc00000|  0%| F|  |TAMS 0x000000008bb00000, 0x000000008bb00000| Untracked 
| 188|0x000000008bc00000, 0x000000008bc00000, 0x000000008bd00000|  0%| F|  |TAMS 0x000000008bc00000, 0x000000008bc00000| Untracked 
| 189|0x000000008bd00000, 0x000000008bd00000, 0x000000008be00000|  0%| F|  |TAMS 0x000000008bd00000, 0x000000008bd00000| Untracked 
| 190|0x000000008be00000, 0x000000008be00000, 0x000000008bf00000|  0%| F|  |TAMS 0x000000008be00000, 0x000000008be00000| Untracked 
| 191|0x000000008bf00000, 0x000000008bf00000, 0x000000008c000000|  0%| F|  |TAMS 0x000000008bf00000, 0x000000008bf00000| Untracked 
| 192|0x000000008c000000, 0x000000008c000000, 0x000000008c100000|  0%| F|  |TAMS 0x000000008c000000, 0x000000008c000000| Untracked 
| 193|0x000000008c100000, 0x000000008c124b90, 0x000000008c200000| 21%| E|  |TAMS 0x000000008c100000, 0x000000008c100000| Complete 
| 194|0x000000008c200000, 0x000000008c300000, 0x000000008c300000|100%| E|CS|TAMS 0x000000008c200000, 0x000000008c200000| Complete 
| 195|0x000000008c300000, 0x000000008c400000, 0x000000008c400000|100%| E|  |TAMS 0x000000008c300000, 0x000000008c300000| Complete 
| 196|0x000000008c400000, 0x000000008c500000, 0x000000008c500000|100%| E|CS|TAMS 0x000000008c400000, 0x000000008c400000| Complete 
| 197|0x000000008c500000, 0x000000008c600000, 0x000000008c600000|100%| E|CS|TAMS 0x000000008c500000, 0x000000008c500000| Complete 
| 198|0x000000008c600000, 0x000000008c700000, 0x000000008c700000|100%| E|CS|TAMS 0x000000008c600000, 0x000000008c600000| Complete 
| 199|0x000000008c700000, 0x000000008c800000, 0x000000008c800000|100%| E|CS|TAMS 0x000000008c700000, 0x000000008c700000| Complete 

Card table byte_map: [0x000001e617030000,0x000001e617430000] _byte_map_base: 0x000001e616c30000

Marking Bits (Prev, Next): (CMBitMap*) 0x000001e6036fee10, (CMBitMap*) 0x000001e6036fedd8
 Prev Bits: [0x000001e619830000, 0x000001e61b830000)
 Next Bits: [0x000001e617830000, 0x000001e619830000)

Polling page: 0x000001e602070000

Metaspace:

Usage:
  Non-class:    103.22 MB capacity,   101.20 MB ( 98%) used,     1.66 MB (  2%) free+waste,   369.50 KB ( <1%) overhead. 
      Class:     16.25 MB capacity,    15.05 MB ( 93%) used,     1.04 MB (  6%) free+waste,   167.88 KB (  1%) overhead. 
       Both:    119.48 MB capacity,   116.26 MB ( 97%) used,     2.69 MB (  2%) free+waste,   537.38 KB ( <1%) overhead. 

Virtual space:
  Non-class space:      104.00 MB reserved,     103.25 MB (>99%) committed 
      Class space:        1.00 GB reserved,      16.38 MB (  2%) committed 
             Both:        1.10 GB reserved,     119.63 MB ( 11%) committed 

Chunk freelists:
   Non-Class:  30.00 KB
       Class:  0 bytes
        Both:  30.00 KB

MaxMetaspaceSize: 17179869184.00 GB
CompressedClassSpaceSize: 1.00 GB

CodeHeap 'non-profiled nmethods': size=120000Kb used=8181Kb max_used=8181Kb free=111819Kb
 bounds [0x000001e60ec90000, 0x000001e60f490000, 0x000001e6161c0000]
CodeHeap 'profiled nmethods': size=120000Kb used=34181Kb max_used=34181Kb free=85818Kb
 bounds [0x000001e607760000, 0x000001e6098d0000, 0x000001e60ec90000]
CodeHeap 'non-nmethods': size=5760Kb used=2378Kb max_used=2417Kb free=3381Kb
 bounds [0x000001e6071c0000, 0x000001e607430000, 0x000001e607760000]
 total_blobs=16403 nmethods=15411 adapters=903
 compilation: enabled
              stopped_count=0, restarted_count=0
 full_count=0

Compilation events (20 events):
Event: 1717.882 Thread 0x000001e61e304800 nmethod 15832 0x000001e6098b6e90 code [0x000001e6098b7040, 0x000001e6098b7168]
Event: 1717.892 Thread 0x000001e61e304800 15833       2       com.android.tools.r8.graph.f0$i::a (12 bytes)
Event: 1717.892 Thread 0x000001e61e304800 nmethod 15833 0x000001e6098b7210 code [0x000001e6098b73c0, 0x000001e6098b7508]
Event: 1717.897 Thread 0x000001e61e304800 15835       2       com.android.tools.r8.code.e::a (1 bytes)
Event: 1717.898 Thread 0x000001e61e304800 nmethod 15835 0x000001e6098b7610 code [0x000001e6098b77c0, 0x000001e6098b78b8]
Event: 1717.898 Thread 0x000001e61e304800 15837       2       com.android.tools.r8.graph.Z::a (222 bytes)
Event: 1717.901 Thread 0x000001e61e304800 nmethod 15837 0x000001e6098b7990 code [0x000001e6098b7d00, 0x000001e6098b8c58]
Event: 1717.902 Thread 0x000001e61e304800 15838       2       com.android.tools.r8.dex.z$g::a (20 bytes)
Event: 1717.902 Thread 0x000001e61e304800 nmethod 15838 0x000001e6098b9710 code [0x000001e6098b98e0, 0x000001e6098b9aa8]
Event: 1717.902 Thread 0x000001e61e304800 15839       2       com.android.tools.r8.graph.Z$$Lambda$1839/0x0000000101037440::get$Lambda (9 bytes)
Event: 1717.902 Thread 0x000001e61e304800 nmethod 15839 0x000001e6098b9c10 code [0x000001e6098b9dc0, 0x000001e6098b9f38]
Event: 1717.902 Thread 0x000001e61e304800 15840       2       com.android.tools.r8.graph.Z$$Lambda$1839/0x0000000101037440::<init> (10 bytes)
Event: 1717.903 Thread 0x000001e61e304800 nmethod 15840 0x000001e6098ba010 code [0x000001e6098ba1c0, 0x000001e6098ba2f8]
Event: 1717.903 Thread 0x000001e61e304800 15841       2       com.android.tools.r8.graph.Z::g (12 bytes)
Event: 1717.903 Thread 0x000001e61e304800 nmethod 15841 0x000001e6098ba390 code [0x000001e6098ba560, 0x000001e6098ba7d8]
Event: 1717.903 Thread 0x000001e61e304800 15842       2       com.android.tools.r8.graph.Z$$Lambda$1840/0x0000000101037840::get$Lambda (10 bytes)
Event: 1717.903 Thread 0x000001e61e304800 nmethod 15842 0x000001e6098ba910 code [0x000001e6098baac0, 0x000001e6098bacb8]
Event: 1717.916 Thread 0x000001e61e304800 15844       2       com.android.tools.r8.code.h2::a (1 bytes)
Event: 1717.916 Thread 0x000001e61e304800 nmethod 15844 0x000001e6098bad90 code [0x000001e6098baf40, 0x000001e6098bb038]
Event: 1717.916 Thread 0x000001e61e304800 15845       2       com.android.tools.r8.code.u1::a (13 bytes)

GC Heap History (20 events):
Event: 27.490 GC heap before
{Heap before GC invocations=60 (full 0):
 garbage-first heap   total 204800K, used 150728K [0x0000000080000000, 0x0000000100000000)
  region size 1024K, 61 young (62464K), 6 survivors (6144K)
 Metaspace       used 96303K, capacity 98943K, committed 99072K, reserved 1134592K
  class space    used 12520K, capacity 13490K, committed 13568K, reserved 1048576K
}
Event: 27.503 GC heap after
{Heap after GC invocations=61 (full 0):
 garbage-first heap   total 204800K, used 99505K [0x0000000080000000, 0x0000000100000000)
  region size 1024K, 8 young (8192K), 8 survivors (8192K)
 Metaspace       used 96303K, capacity 98943K, committed 99072K, reserved 1134592K
  class space    used 12520K, capacity 13490K, committed 13568K, reserved 1048576K
}
Event: 71.288 GC heap before
{Heap before GC invocations=61 (full 0):
 garbage-first heap   total 204800K, used 160945K [0x0000000080000000, 0x0000000100000000)
  region size 1024K, 69 young (70656K), 8 survivors (8192K)
 Metaspace       used 101089K, capacity 103965K, committed 104192K, reserved 1138688K
  class space    used 13031K, capacity 14040K, committed 14080K, reserved 1048576K
}
Event: 71.369 GC heap after
{Heap after GC invocations=62 (full 0):
 garbage-first heap   total 204800K, used 102206K [0x0000000080000000, 0x0000000100000000)
  region size 1024K, 7 young (7168K), 7 survivors (7168K)
 Metaspace       used 101089K, capacity 103965K, committed 104192K, reserved 1138688K
  class space    used 13031K, capacity 14040K, committed 14080K, reserved 1048576K
}
Event: 335.493 GC heap before
{Heap before GC invocations=62 (full 0):
 garbage-first heap   total 204800K, used 165694K [0x0000000080000000, 0x0000000100000000)
  region size 1024K, 69 young (70656K), 7 survivors (7168K)
 Metaspace       used 105560K, capacity 108673K, committed 108800K, reserved 1142784K
  class space    used 13692K, capacity 14810K, committed 14848K, reserved 1048576K
}
Event: 336.097 GC heap after
{Heap after GC invocations=63 (full 0):
 garbage-first heap   total 204800K, used 104059K [0x0000000080000000, 0x0000000100000000)
  region size 1024K, 5 young (5120K), 5 survivors (5120K)
 Metaspace       used 105560K, capacity 108673K, committed 108800K, reserved 1142784K
  class space    used 13692K, capacity 14810K, committed 14848K, reserved 1048576K
}
Event: 1699.600 GC heap before
{Heap before GC invocations=64 (full 0):
 garbage-first heap   total 204800K, used 165499K [0x0000000080000000, 0x0000000100000000)
  region size 1024K, 66 young (67584K), 5 survivors (5120K)
 Metaspace       used 106405K, capacity 109308K, committed 109696K, reserved 1144832K
  class space    used 13691K, capacity 14743K, committed 14976K, reserved 1048576K
}
Event: 1699.870 GC heap after
{Heap after GC invocations=65 (full 0):
 garbage-first heap   total 204800K, used 104806K [0x0000000080000000, 0x0000000100000000)
  region size 1024K, 6 young (6144K), 6 survivors (6144K)
 Metaspace       used 106405K, capacity 109308K, committed 109696K, reserved 1144832K
  class space    used 13691K, capacity 14743K, committed 14976K, reserved 1048576K
}
Event: 1706.879 GC heap before
{Heap before GC invocations=65 (full 0):
 garbage-first heap   total 204800K, used 154982K [0x0000000080000000, 0x0000000100000000)
  region size 1024K, 56 young (57344K), 6 survivors (6144K)
 Metaspace       used 108673K, capacity 111787K, committed 112000K, reserved 1146880K
  class space    used 13997K, capacity 15110K, committed 15232K, reserved 1048576K
}
Event: 1707.030 GC heap after
{Heap after GC invocations=66 (full 0):
 garbage-first heap   total 204800K, used 108815K [0x0000000080000000, 0x0000000100000000)
  region size 1024K, 7 young (7168K), 7 survivors (7168K)
 Metaspace       used 108673K, capacity 111787K, committed 112000K, reserved 1146880K
  class space    used 13997K, capacity 15110K, committed 15232K, reserved 1048576K
}
Event: 1709.841 GC heap before
{Heap before GC invocations=67 (full 0):
 garbage-first heap   total 204800K, used 144655K [0x0000000080000000, 0x0000000100000000)
  region size 1024K, 43 young (44032K), 7 survivors (7168K)
 Metaspace       used 110090K, capacity 113248K, committed 113408K, reserved 1146880K
  class space    used 14109K, capacity 15248K, committed 15360K, reserved 1048576K
}
Event: 1709.913 GC heap after
{Heap after GC invocations=68 (full 0):
 garbage-first heap   total 204800K, used 111890K [0x0000000080000000, 0x0000000100000000)
  region size 1024K, 4 young (4096K), 4 survivors (4096K)
 Metaspace       used 110090K, capacity 113248K, committed 113408K, reserved 1146880K
  class space    used 14109K, capacity 15248K, committed 15360K, reserved 1048576K
}
Event: 1710.836 GC heap before
{Heap before GC invocations=68 (full 0):
 garbage-first heap   total 204800K, used 158994K [0x0000000080000000, 0x0000000100000000)
  region size 1024K, 51 young (52224K), 4 survivors (4096K)
 Metaspace       used 111852K, capacity 115040K, committed 115072K, reserved 1148928K
  class space    used 14343K, capacity 15478K, committed 15488K, reserved 1048576K
}
Event: 1710.858 GC heap after
{Heap after GC invocations=69 (full 0):
 garbage-first heap   total 204800K, used 112896K [0x0000000080000000, 0x0000000100000000)
  region size 1024K, 5 young (5120K), 5 survivors (5120K)
 Metaspace       used 111852K, capacity 115040K, committed 115072K, reserved 1148928K
  class space    used 14343K, capacity 15478K, committed 15488K, reserved 1048576K
}
Event: 1713.233 GC heap before
{Heap before GC invocations=70 (full 0):
 garbage-first heap   total 204800K, used 150784K [0x0000000080000000, 0x0000000100000000)
  region size 1024K, 42 young (43008K), 5 survivors (5120K)
 Metaspace       used 114520K, capacity 117597K, committed 118016K, reserved 1150976K
  class space    used 14637K, capacity 15777K, committed 15872K, reserved 1048576K
}
Event: 1713.332 GC heap after
{Heap after GC invocations=71 (full 0):
 garbage-first heap   total 204800K, used 119735K [0x0000000080000000, 0x0000000100000000)
  region size 1024K, 7 young (7168K), 7 survivors (7168K)
 Metaspace       used 114520K, capacity 117597K, committed 118016K, reserved 1150976K
  class space    used 14637K, capacity 15777K, committed 15872K, reserved 1048576K
}
Event: 1715.198 GC heap before
{Heap before GC invocations=72 (full 0):
 garbage-first heap   total 204800K, used 169911K [0x0000000080000000, 0x0000000100000000)
  region size 1024K, 53 young (54272K), 7 survivors (7168K)
 Metaspace       used 116944K, capacity 120081K, committed 120320K, reserved 1153024K
  class space    used 15130K, capacity 16307K, committed 16384K, reserved 1048576K
}
Event: 1715.413 GC heap after
{Heap after GC invocations=73 (full 0):
 garbage-first heap   total 204800K, used 136446K [0x0000000080000000, 0x0000000100000000)
  region size 1024K, 7 young (7168K), 7 survivors (7168K)
 Metaspace       used 116944K, capacity 120081K, committed 120320K, reserved 1153024K
  class space    used 15130K, capacity 16307K, committed 16384K, reserved 1048576K
}
Event: 1715.802 GC heap before
{Heap before GC invocations=73 (full 0):
 garbage-first heap   total 204800K, used 140542K [0x0000000080000000, 0x0000000100000000)
  region size 1024K, 11 young (11264K), 7 survivors (7168K)
 Metaspace       used 117914K, capacity 121169K, committed 121472K, reserved 1155072K
  class space    used 15272K, capacity 16455K, committed 16512K, reserved 1048576K
}
Event: 1715.862 GC heap after
{Heap after GC invocations=74 (full 0):
 garbage-first heap   total 204800K, used 138946K [0x0000000080000000, 0x0000000100000000)
  region size 1024K, 2 young (2048K), 2 survivors (2048K)
 Metaspace       used 117914K, capacity 121169K, committed 121472K, reserved 1155072K
  class space    used 15272K, capacity 16455K, committed 16512K, reserved 1048576K
}

Deoptimization events (20 events):
Event: 1715.871 Thread 0x000001e625111000 DEOPT PACKING pc=0x000001e60f2ffd9c sp=0x000000765cefd5c0
Event: 1715.871 Thread 0x000001e625111000 DEOPT UNPACKING pc=0x000001e6071c83af sp=0x000000765cefd558 mode 2
Event: 1715.872 Thread 0x000001e625111000 Uncommon trap: trap_request=0xffffff4d fr.pc=0x000001e60f149f4c relative=0x000000000000030c
Event: 1715.875 Thread 0x000001e625111000 Uncommon trap: reason=unstable_if action=reinterpret pc=0x000001e60f149f4c method=java.io.BufferedOutputStream.write([BII)V @ 6 c2
Event: 1715.875 Thread 0x000001e625111000 DEOPT PACKING pc=0x000001e60f149f4c sp=0x000000765cefd510
Event: 1715.876 Thread 0x000001e625111000 DEOPT UNPACKING pc=0x000001e6071c83af sp=0x000000765cefd4b8 mode 2
Event: 1716.580 Thread 0x000001e62510d000 Uncommon trap: trap_request=0xffffff4d fr.pc=0x000001e60f2bd75c relative=0x000000000000003c
Event: 1716.581 Thread 0x000001e62510d000 Uncommon trap: reason=unstable_if action=reinterpret pc=0x000001e60f2bd75c method=java.util.Formatter$Conversion.isValid(C)Z @ 4 c2
Event: 1716.581 Thread 0x000001e62510d000 DEOPT PACKING pc=0x000001e60f2bd75c sp=0x000000765d3fc990
Event: 1716.582 Thread 0x000001e62510d000 DEOPT UNPACKING pc=0x000001e6071c83af sp=0x000000765d3fc920 mode 2
Event: 1717.605 Thread 0x000001e621989000 DEOPT PACKING pc=0x000001e609881895 sp=0x000000765dfff050
Event: 1717.605 Thread 0x000001e621989000 DEOPT UNPACKING pc=0x000001e6071e8ede sp=0x000000765dffe510 mode 0
Event: 1717.606 Thread 0x000001e62198f800 DEOPT PACKING pc=0x000001e609881895 sp=0x000000765e1fead0
Event: 1717.606 Thread 0x000001e62198f800 DEOPT UNPACKING pc=0x000001e6071e8ede sp=0x000000765e1fdf90 mode 0
Event: 1717.740 Thread 0x000001e62510d000 Uncommon trap: trap_request=0xffffffe4 fr.pc=0x000001e60f478f78 relative=0x0000000000000238
Event: 1717.740 Thread 0x000001e62510d000 Uncommon trap: reason=range_check action=make_not_entrant pc=0x000001e60f478f78 method=com.android.tools.r8.graph.c0.a(Lcom/android/tools/r8/graph/c0;)I @ 9 c2
Event: 1717.740 Thread 0x000001e62510d000 DEOPT PACKING pc=0x000001e60f478f78 sp=0x000000765d3fce30
Event: 1717.741 Thread 0x000001e62510d000 DEOPT UNPACKING pc=0x000001e6071c83af sp=0x000000765d3fcdb8 mode 2
Event: 1717.830 Thread 0x000001e62510d000 DEOPT PACKING pc=0x000001e609891d99 sp=0x000000765d3fce70
Event: 1717.830 Thread 0x000001e62510d000 DEOPT UNPACKING pc=0x000001e6071e8ede sp=0x000000765d3fc3b0 mode 0

Classes redefined (0 events):
No events

Internal exceptions (20 events):
Event: 1709.691 Thread 0x000001e622c18800 Exception <a 'java/lang/NoSuchMethodError'{0x000000008a602868}: <clinit>> (0x000000008a602868) thrown at [./src/hotspot/share/prims/jni.cpp, line 1362]
Event: 1709.705 Thread 0x000001e622c18800 Exception <a 'java/lang/NoSuchMethodError'{0x000000008a62f8a0}: <clinit>> (0x000000008a62f8a0) thrown at [./src/hotspot/share/prims/jni.cpp, line 1362]
Event: 1709.708 Thread 0x000001e622c18800 Exception <a 'java/lang/NoSuchMethodError'{0x000000008a6428c8}: <clinit>> (0x000000008a6428c8) thrown at [./src/hotspot/share/prims/jni.cpp, line 1362]
Event: 1710.189 Thread 0x000001e622c11000 Exception <a 'java/lang/NoSuchMethodError'{0x000000008b9ef1b0}: 'int java.lang.invoke.DirectMethodHandle$Holder.invokeSpecial(java.lang.Object, java.lang.Object, java.lang.Object, java.lang.Object, java.lang.Object)'> (0x000000008b9ef1b0) thrown at [./src/hotspot/share/interpreter/linkResolver.cpp, line 773]
Event: 1710.623 Thread 0x000001e6233c0800 Implicit null exception at 0x000001e60f4185d4 to 0x000001e60f418d5c
Event: 1712.945 Thread 0x000001e62510d000 Exception <a 'sun/nio/fs/WindowsException'{0x000000008a7622c0}> (0x000000008a7622c0) thrown at [./src/hotspot/share/prims/jni.cpp, line 615]
Event: 1713.785 Thread 0x000001e625111000 Exception <a 'java/lang/NoSuchMethodError'{0x000000008c141148}: 'void java.lang.invoke.DirectMethodHandle$Holder.invokeStatic(java.lang.Object, long)'> (0x000000008c141148) thrown at [./src/hotspot/share/interpreter/linkResolver.cpp, line 773]
Event: 1713.789 Thread 0x000001e625111000 Exception <a 'java/lang/NoSuchMethodError'{0x000000008c146360}: 'java.lang.Object java.lang.invoke.DirectMethodHandle$Holder.invokeStatic(java.lang.Object, long)'> (0x000000008c146360) thrown at [./src/hotspot/share/interpreter/linkResolver.cpp, line 773]
Event: 1713.808 Thread 0x000001e625111000 Exception <a 'java/lang/NoSuchMethodError'{0x000000008c1546c8}: 'java.lang.Object java.lang.invoke.DirectMethodHandle$Holder.invokeStaticInit(java.lang.Object, java.lang.Object, long, java.lang.Object)'> (0x000000008c1546c8) thrown at [./src/hotspot/share/interpreter/linkResolver.cpp, line 773]
Event: 1713.812 Thread 0x000001e625111000 Exception <a 'java/lang/NoSuchMethodError'{0x000000008c15a860}: 'java.lang.Object java.lang.invoke.DirectMethodHandle$Holder.invokeStatic(java.lang.Object, java.lang.Object, long)'> (0x000000008c15a860) thrown at [./src/hotspot/share/interpreter/linkResolver.cpp, line 773]
Event: 1713.813 Thread 0x000001e625111000 Exception <a 'java/lang/NoSuchMethodError'{0x000000008c160dd8}: 'java.lang.Object java.lang.invoke.Invokers$Holder.linkToTargetMethod(java.lang.Object, long, java.lang.Object)'> (0x000000008c160dd8) thrown at [./src/hotspot/share/interpreter/linkResolver.cpp, line 773]
Event: 1713.969 Thread 0x000001e621982000 Exception <a 'java/lang/IncompatibleClassChangeError'{0x000000008b7ddfc0}: Found class java.lang.Object, but interface was expected> (0x000000008b7ddfc0) thrown at [./src/hotspot/share/interpreter/linkResolver.cpp, line 839]
Event: 1714.071 Thread 0x000001e621989000 Exception <a 'java/lang/IncompatibleClassChangeError'{0x000000008b54e198}: Found class java.lang.Object, but interface was expected> (0x000000008b54e198) thrown at [./src/hotspot/share/interpreter/linkResolver.cpp, line 839]
Event: 1714.074 Thread 0x000001e621982800 Exception <a 'java/lang/NoSuchMethodError'{0x000000008b6f32d0}: 'java.lang.Object java.lang.invoke.DirectMethodHandle$Holder.newInvokeSpecial(java.lang.Object, int)'> (0x000000008b6f32d0) thrown at [./src/hotspot/share/interpreter/linkResolver.cpp, line 773]
Event: 1714.134 Thread 0x000001e621989000 Exception <a 'java/lang/IncompatibleClassChangeError'{0x000000008b5891b0}: Found class java.lang.Object, but interface was expected> (0x000000008b5891b0) thrown at [./src/hotspot/share/interpreter/linkResolver.cpp, line 839]
Event: 1715.513 Thread 0x000001e62510d000 Exception <a 'java/lang/NoSuchMethodError'{0x000000008c7a8c60}: 'void java.lang.invoke.DirectMethodHandle$Holder.invokeStatic(java.lang.Object, java.lang.Object, java.lang.Object, int)'> (0x000000008c7a8c60) thrown at [./src/hotspot/share/interpreter/linkResolver.cpp, line 773]
Event: 1715.525 Thread 0x000001e62510d000 Exception <a 'java/lang/IncompatibleClassChangeError'{0x000000008c7d3810}: Found class java.lang.Object, but interface was expected> (0x000000008c7d3810) thrown at [./src/hotspot/share/interpreter/linkResolver.cpp, line 839]
Event: 1716.515 Thread 0x000001e62510d000 Exception <a 'java/lang/NoSuchMethodError'{0x000000008be24e00}: 'java.lang.Object java.lang.invoke.Invokers$Holder.linkToTargetMethod(java.lang.Object, int, java.lang.Object, java.lang.Object, java.lang.Object, java.lang.Object)'> (0x000000008be24e00) thrown at [./src/hotspot/share/interpreter/linkResolver.cpp, line 773]
Event: 1716.517 Thread 0x000001e62510d000 Exception <a 'java/lang/NoSuchMethodError'{0x000000008be28ab8}: 'void java.lang.invoke.DirectMethodHandle$Holder.invokeSpecial(java.lang.Object, java.lang.Object, java.lang.Object, java.lang.Object, java.lang.Object, java.lang.Object, java.lang.Object, java.lang.Object, java.lang.Object)'> (0x000000008be28ab8) thrown at [./src/hotspot/share/interpreter/linkResolver.cpp, line 773]
Event: 1716.523 Thread 0x000001e62510d000 Exception <a 'java/lang/NoSuchMethodError'{0x000000008be3ff70}: 'void java.lang.invoke.DirectMethodHandle$Holder.invokeStatic(java.lang.Object, java.lang.Object, java.lang.Object, java.lang.Object, java.lang.Object, java.lang.Object, java.lang.Object, java.lang.Object)'> (0x000000008be3ff70) thrown at [./src/hotspot/share/interpreter/linkResolver.cpp, line 773]

Events (20 events):
Event: 1717.720 loading class com/android/tools/r8/graph/v0$d
Event: 1717.720 loading class com/android/tools/r8/graph/v0$d done
Event: 1717.720 loading class com/android/tools/r8/graph/v0$d
Event: 1717.720 loading class com/android/tools/r8/graph/v0$d done
Event: 1717.721 loading class com/android/tools/r8/graph/v0$d
Event: 1717.721 loading class com/android/tools/r8/graph/v0$d done
Event: 1717.721 loading class com/android/tools/r8/graph/v0$f
Event: 1717.721 loading class com/android/tools/r8/graph/v0$f done
Event: 1717.721 loading class com/android/tools/r8/graph/v0$f
Event: 1717.721 loading class com/android/tools/r8/graph/v0$f done
Event: 1717.724 loading class com/android/tools/r8/graph/G
Event: 1717.724 loading class com/android/tools/r8/graph/G done
Event: 1717.724 loading class com/android/tools/r8/graph/G
Event: 1717.724 loading class com/android/tools/r8/graph/G done
Event: 1717.724 loading class com/android/tools/r8/graph/G
Event: 1717.724 loading class com/android/tools/r8/graph/G done
Event: 1717.724 loading class com/android/tools/r8/graph/G
Event: 1717.724 loading class com/android/tools/r8/graph/G done
Event: 1717.725 loading class com/android/tools/r8/graph/G$h
Event: 1717.725 loading class com/android/tools/r8/graph/G$h done


Dynamic libraries:
0x00007ff7004d0000 - 0x00007ff7004da000 	E:\ANDstudio\Program\jre\bin\java.exe
0x00007ff8fa810000 - 0x00007ff8faa05000 	C:\WINDOWS\SYSTEM32\ntdll.dll
0x00007ff8f8f90000 - 0x00007ff8f904e000 	C:\WINDOWS\System32\KERNEL32.DLL
0x00007ff8f8160000 - 0x00007ff8f8429000 	C:\WINDOWS\System32\KERNELBASE.dll
0x00007ff8f7fd0000 - 0x00007ff8f80d0000 	C:\WINDOWS\System32\ucrtbase.dll
0x00007ff8e7e70000 - 0x00007ff8e7e89000 	E:\ANDstudio\Program\jre\bin\jli.dll
0x00007ff8e7d70000 - 0x00007ff8e7d87000 	E:\ANDstudio\Program\jre\bin\VCRUNTIME140.dll
0x00007ff8f92f0000 - 0x00007ff8f9491000 	C:\WINDOWS\System32\USER32.dll
0x00007ff8e2b30000 - 0x00007ff8e2dca000 	C:\WINDOWS\WinSxS\amd64_microsoft.windows.common-controls_6595b64144ccf1df_6.0.19041.1110_none_60b5254171f9507e\COMCTL32.dll
0x00007ff8f80d0000 - 0x00007ff8f80f2000 	C:\WINDOWS\System32\win32u.dll
0x00007ff8fa460000 - 0x00007ff8fa4fe000 	C:\WINDOWS\System32\msvcrt.dll
0x00007ff8f8f50000 - 0x00007ff8f8f7b000 	C:\WINDOWS\System32\GDI32.dll
0x00007ff8f8750000 - 0x00007ff8f885b000 	C:\WINDOWS\System32\gdi32full.dll
0x00007ff8f7f30000 - 0x00007ff8f7fcd000 	C:\WINDOWS\System32\msvcp_win.dll
0x00007ff8f8ce0000 - 0x00007ff8f8d10000 	C:\WINDOWS\System32\IMM32.DLL
0x00007ff8e5a70000 - 0x00007ff8e5b0d000 	E:\ANDstudio\Program\jre\bin\msvcp140.dll
0x00007ff8a4640000 - 0x00007ff8a510f000 	E:\ANDstudio\Program\jre\bin\server\jvm.dll
0x00007ff8fa500000 - 0x00007ff8fa5ac000 	C:\WINDOWS\System32\ADVAPI32.dll
0x00007ff8f9f40000 - 0x00007ff8f9fdb000 	C:\WINDOWS\System32\sechost.dll
0x00007ff8f94a0000 - 0x00007ff8f95ca000 	C:\WINDOWS\System32\RPCRT4.dll
0x00007ff8f8f80000 - 0x00007ff8f8f88000 	C:\WINDOWS\System32\PSAPI.DLL
0x00007ff8e5750000 - 0x00007ff8e5777000 	C:\WINDOWS\SYSTEM32\WINMM.dll
0x00007ff8f0e60000 - 0x00007ff8f0e6a000 	C:\WINDOWS\SYSTEM32\VERSION.dll
0x00007ff8ee400000 - 0x00007ff8ee409000 	C:\WINDOWS\SYSTEM32\WSOCK32.dll
0x00007ff8fa5b0000 - 0x00007ff8fa61b000 	C:\WINDOWS\System32\WS2_32.dll
0x00007ff8f67b0000 - 0x00007ff8f67c2000 	C:\WINDOWS\SYSTEM32\kernel.appcore.dll
0x00007ff8ee3a0000 - 0x00007ff8ee3b1000 	E:\ANDstudio\Program\jre\bin\verify.dll
0x00007ff8f64d0000 - 0x00007ff8f66b4000 	C:\WINDOWS\SYSTEM32\DBGHELP.DLL
0x00007ff8ddf00000 - 0x00007ff8ddf2c000 	C:\WINDOWS\SYSTEM32\dbgcore.DLL
0x00007ff8f84e0000 - 0x00007ff8f8563000 	C:\WINDOWS\System32\bcryptPrimitives.dll
0x00007ff8ee370000 - 0x00007ff8ee399000 	E:\ANDstudio\Program\jre\bin\java.dll
0x00007ff8ee240000 - 0x00007ff8ee24b000 	E:\ANDstudio\Program\jre\bin\jimage.dll
0x00007ff8e8230000 - 0x00007ff8e8248000 	E:\ANDstudio\Program\jre\bin\zip.dll
0x00007ff8f96d0000 - 0x00007ff8f9e0f000 	C:\WINDOWS\System32\SHELL32.dll
0x00007ff8f5c70000 - 0x00007ff8f6400000 	C:\WINDOWS\SYSTEM32\windows.storage.dll
0x00007ff8f9fe0000 - 0x00007ff8fa335000 	C:\WINDOWS\System32\combase.dll
0x00007ff8f7980000 - 0x00007ff8f79ac000 	C:\WINDOWS\SYSTEM32\Wldp.dll
0x00007ff8f8d70000 - 0x00007ff8f8e1d000 	C:\WINDOWS\System32\SHCORE.dll
0x00007ff8f9220000 - 0x00007ff8f9275000 	C:\WINDOWS\System32\shlwapi.dll
0x00007ff8f7e70000 - 0x00007ff8f7e8f000 	C:\WINDOWS\SYSTEM32\profapi.dll
0x00007ff8e8210000 - 0x00007ff8e822a000 	E:\ANDstudio\Program\jre\bin\net.dll
0x00007ff8e53f0000 - 0x00007ff8e54f8000 	C:\WINDOWS\SYSTEM32\WINHTTP.dll
0x00007ff8f76e0000 - 0x00007ff8f774a000 	C:\WINDOWS\system32\mswsock.dll
0x00007ff8e81f0000 - 0x00007ff8e8204000 	E:\ANDstudio\Program\jre\bin\nio.dll
0x00007ff8e6920000 - 0x00007ff8e6947000 	C:\Users\dell\.gradle\native\8bec1ad78214c89d9ad589b4d07fe93259594b29d510b10fafb7a158f7737e5d\windows-amd64\native-platform.dll
0x00007ff8a3080000 - 0x00007ff8a31bd000 	C:\Users\dell\.gradle\native\53dbd7edfb1c66fb8903c78663c9afc45aea4f116125fa6feffd364cf09443e8\windows-amd64\native-platform-file-events.dll
0x00007ff8ee150000 - 0x00007ff8ee15a000 	E:\ANDstudio\Program\jre\bin\management.dll
0x00007ff8e8170000 - 0x00007ff8e817c000 	E:\ANDstudio\Program\jre\bin\management_ext.dll
0x00007ff8f78e0000 - 0x00007ff8f78f8000 	C:\WINDOWS\SYSTEM32\CRYPTSP.dll
0x00007ff8f6ff0000 - 0x00007ff8f7024000 	C:\WINDOWS\system32\rsaenh.dll
0x00007ff8f85c0000 - 0x00007ff8f85e7000 	C:\WINDOWS\System32\bcrypt.dll
0x00007ff8f7e30000 - 0x00007ff8f7e5e000 	C:\WINDOWS\SYSTEM32\USERENV.dll
0x00007ff8f78d0000 - 0x00007ff8f78dc000 	C:\WINDOWS\SYSTEM32\CRYPTBASE.dll
0x00007ff8f7380000 - 0x00007ff8f73bb000 	C:\WINDOWS\SYSTEM32\IPHLPAPI.DLL
0x00007ff8f9210000 - 0x00007ff8f9218000 	C:\WINDOWS\System32\NSI.dll
0x00007ff8ebf30000 - 0x00007ff8ebf47000 	C:\WINDOWS\SYSTEM32\dhcpcsvc6.DLL
0x00007ff8ec000000 - 0x00007ff8ec01d000 	C:\WINDOWS\SYSTEM32\dhcpcsvc.DLL
0x00007ff8f7420000 - 0x00007ff8f74ec000 	C:\WINDOWS\SYSTEM32\DNSAPI.dll
0x00007ff8e7540000 - 0x00007ff8e7567000 	E:\ANDstudio\Program\jre\bin\sunec.dll
0x00007ff8e2130000 - 0x00007ff8e213a000 	C:\Windows\System32\rasadhlp.dll
0x00007ff8e4e00000 - 0x00007ff8e4e7f000 	C:\WINDOWS\System32\fwpuclnt.dll

dbghelp: loaded successfully - version: 4.0.5 - missing functions: none
symbol engine: initialized successfully - sym options: 0x614 - pdb path: .;E:\ANDstudio\Program\jre\bin;C:\WINDOWS\SYSTEM32;C:\WINDOWS\WinSxS\amd64_microsoft.windows.common-controls_6595b64144ccf1df_6.0.19041.1110_none_60b5254171f9507e;E:\ANDstudio\Program\jre\bin\server;C:\Users\dell\.gradle\native\8bec1ad78214c89d9ad589b4d07fe93259594b29d510b10fafb7a158f7737e5d\windows-amd64;C:\Users\dell\.gradle\native\53dbd7edfb1c66fb8903c78663c9afc45aea4f116125fa6feffd364cf09443e8\windows-amd64

VM Arguments:
jvm_args: --add-opens=java.base/java.util=ALL-UNNAMED --add-opens=java.base/java.lang=ALL-UNNAMED --add-opens=java.base/java.lang.invoke=ALL-UNNAMED --add-opens=java.base/java.util=ALL-UNNAMED --add-opens=java.prefs/java.util.prefs=ALL-UNNAMED --add-opens=java.prefs/java.util.prefs=ALL-UNNAMED --add-opens=java.base/java.nio.charset=ALL-UNNAMED --add-opens=java.base/java.net=ALL-UNNAMED --add-opens=java.base/java.util.concurrent.atomic=ALL-UNNAMED -Xmx2048m -Dfile.encoding=UTF-8 -Duser.country=CN -Duser.language=zh -Duser.variant 
java_command: org.gradle.launcher.daemon.bootstrap.GradleDaemon 7.0.2
java_class_path (initial): C:\Users\dell\.gradle\wrapper\dists\gradle-7.0.2-bin\857tjihv64xamwrf0h14cai3r\gradle-7.0.2\lib\gradle-launcher-7.0.2.jar
Launcher Type: SUN_STANDARD

[Global flags]
     intx CICompilerCount                          = 4                                         {product} {ergonomic}
     uint ConcGCThreads                            = 2                                         {product} {ergonomic}
     uint G1ConcRefinementThreads                  = 8                                         {product} {ergonomic}
   size_t G1HeapRegionSize                         = 1048576                                   {product} {ergonomic}
    uintx GCDrainStackTargetSize                   = 64                                        {product} {ergonomic}
   size_t InitialHeapSize                          = 65011712                                  {product} {ergonomic}
   size_t MarkStackSize                            = 4194304                                   {product} {ergonomic}
   size_t MaxHeapSize                              = 2147483648                                {product} {command line}
   size_t MaxNewSize                               = 1287651328                                {product} {ergonomic}
   size_t MinHeapDeltaBytes                        = 1048576                                   {product} {ergonomic}
    uintx NonNMethodCodeHeapSize                   = 5836300                                {pd product} {ergonomic}
    uintx NonProfiledCodeHeapSize                  = 122910970                              {pd product} {ergonomic}
    uintx ProfiledCodeHeapSize                     = 122910970                              {pd product} {ergonomic}
    uintx ReservedCodeCacheSize                    = 251658240                              {pd product} {ergonomic}
     bool SegmentedCodeCache                       = true                                      {product} {ergonomic}
     bool UseCompressedClassPointers               = true                                 {lp64_product} {ergonomic}
     bool UseCompressedOops                        = true                                 {lp64_product} {ergonomic}
     bool UseG1GC                                  = true                                      {product} {ergonomic}
     bool UseLargePagesIndividualAllocation        = false                                  {pd product} {ergonomic}

Logging:
Log output configuration:
 #0: stdout all=warning uptime,level,tags
 #1: stderr all=off uptime,level,tags

Environment Variables:
JAVA_HOME=E:\JDK2\jdk1.8.0_91
PATH=E:\VMware\VM\bin\;E:\JDK2\jdk1.8.0_91\bin;C:\ProgramData\Oracle\Java\javapath;"C:\Windows\system32;E:\JDK2\jdk1.8.0_91\bin";C:\Windows;C:\Windows\System32\Wbem;C:\Windows\System32\WindowsPowerShell\v1.0\;C:\Windows\System32\OpenSSH\;C:\Program Files\NVIDIA Corporation\NVIDIA NvDLISR;C:\Program Files\Microsoft SQL Server\Client SDK\ODBC\170\Tools\Binn\;C:\Program Files (x86)\Microsoft SQL Server\150\Tools\Binn\;C:\Program Files\Microsoft SQL Server\150\Tools\Binn\;C:\Program Files\Microsoft SQL Server\150\DTS\Binn\;C:\Program Files (x86)\MySQL\MySQL Fabric 1.5 & MySQL Utilities 1.5\;C:\Program Files (x86)\MySQL\MySQL Fabric 1.5 & MySQL Utilities 1.5\Doctrine extensions for PHP\;C:\WINDOWS\system32;C:\WINDOWS;C:\WINDOWS\System32\Wbem;C:\WINDOWS\System32\WindowsPowerShell\v1.0\;C:\WINDOWS\System32\OpenSSH\;C:\Program Files\Azure Data Studio\bin;E:\ANDstudio\SDK\platform-tools;C:\Program Files\MySQL\MySQL Server 8.0\bin;;C:\Program Files\Azure Data Studio\bin;C:\Users\dell\AppData\Local\Microsoft\WindowsApps;C:\Program Files\Azure Data Studio\bin
USERNAME=dell
OS=Windows_NT
PROCESSOR_IDENTIFIER=Intel64 Family 6 Model 126 Stepping 5, GenuineIntel



---------------  S Y S T E M  ---------------

OS: Windows 10 , 64 bit Build 19041 (10.0.19041.1202)
OS uptime: 6 days 20:30 hours

CPU:total 8 (initial active 8) (4 cores per cpu, 2 threads per core) family 6 model 126 stepping 5 microcode 0xa6, cmov, cx8, fxsr, mmx, sse, sse2, sse3, ssse3, sse4.1, sse4.2, popcnt, avx, avx2, aes, clmul, erms, 3dnowpref, lzcnt, ht, tsc, tscinvbit, bmi1, bmi2, adx, evex, sha, fma

Memory: 4k page, system-wide physical 3863M (112M free)
TotalPageFile size 14055M (AvailPageFile size 8M)
current process WorkingSet (physical memory assigned to process): 345M, peak: 369M
current process commit charge ("private bytes"): 534M, peak: 539M

vm_info: OpenJDK 64-Bit Server VM (11.0.10+0-b96-7249189) for windows-amd64 JRE (11.0.10+0-b96-7249189), built on Mar 31 2021 21:44:00 by "builder" with MS VC++ 14.0 (VS2015)

END.
